{"/home/runner/workspace/server/routes.ts": {"path":"/home/runner/workspace/server/routes.ts","statementMap":{"0":{"start":{"line":49,"column":0},"end":{"line":49,"column":22}},"1":{"start":{"line":2,"column":0},"end":{"line":2,"column":30}},"2":{"start":{"line":4,"column":0},"end":{"line":4,"column":36}},"3":{"start":{"line":5,"column":0},"end":{"line":5,"column":58}},"4":{"start":{"line":6,"column":0},"end":{"line":6,"column":null}},"5":{"start":{"line":12,"column":0},"end":{"line":12,"column":28}},"6":{"start":{"line":13,"column":0},"end":{"line":13,"column":29}},"7":{"start":{"line":14,"column":0},"end":{"line":14,"column":29}},"8":{"start":{"line":15,"column":0},"end":{"line":15,"column":36}},"9":{"start":{"line":17,"column":24},"end":{"line":17,"column":54}},"10":{"start":{"line":18,"column":23},"end":{"line":18,"column":52}},"11":{"start":{"line":21,"column":22},"end":{"line":29,"column":2}},"12":{"start":{"line":23,"column":4},"end":{"line":23,"column":54}},"13":{"start":{"line":26,"column":25},"end":{"line":26,"column":75}},"14":{"start":{"line":27,"column":4},"end":{"line":27,"column":61}},"15":{"start":{"line":31,"column":15},"end":{"line":47,"column":2}},"16":{"start":{"line":37,"column":25},"end":{"line":37,"column":43}},"17":{"start":{"line":38,"column":20},"end":{"line":38,"column":84}},"18":{"start":{"line":39,"column":21},"end":{"line":39,"column":53}},"19":{"start":{"line":41,"column":4},"end":{"line":45,"column":5}},"20":{"start":{"line":42,"column":6},"end":{"line":42,"column":28}},"21":{"start":{"line":44,"column":6},"end":{"line":44,"column":53}},"22":{"start":{"line":54,"column":2},"end":{"line":54,"column":23}},"23":{"start":{"line":57,"column":2},"end":{"line":57,"column":79}},"24":{"start":{"line":62,"column":2},"end":{"line":77,"column":5}},"25":{"start":{"line":62,"column":53},"end":{"line":77,"column":4}},"26":{"start":{"line":63,"column":17},"end":{"line":63,"column":69}},"27":{"start":{"line":64,"column":4},"end":{"line":64,"column":74}},"28":{"start":{"line":64,"column":15},"end":{"line":64,"column":74}},"29":{"start":{"line":67,"column":4},"end":{"line":73,"column":5}},"30":{"start":{"line":68,"column":6},"end":{"line":72,"column":9}},"31":{"start":{"line":75,"column":50},"end":{"line":75,"column":54}},"32":{"start":{"line":75,"column":45},"end":{"line":75,"column":50}},"33":{"start":{"line":76,"column":4},"end":{"line":76,"column":28}},"34":{"start":{"line":80,"column":2},"end":{"line":108,"column":5}},"35":{"start":{"line":80,"column":63},"end":{"line":108,"column":4}},"36":{"start":{"line":81,"column":20},"end":{"line":81,"column":39}},"37":{"start":{"line":84,"column":4},"end":{"line":86,"column":5}},"38":{"start":{"line":85,"column":6},"end":{"line":85,"column":96}},"39":{"start":{"line":88,"column":26},"end":{"line":88,"column":137}},"40":{"start":{"line":89,"column":47},"end":{"line":89,"column":49}},"41":{"start":{"line":90,"column":4},"end":{"line":94,"column":5}},"42":{"start":{"line":91,"column":6},"end":{"line":93,"column":7}},"43":{"start":{"line":92,"column":8},"end":{"line":92,"column":47}},"44":{"start":{"line":97,"column":4},"end":{"line":103,"column":5}},"45":{"start":{"line":98,"column":26},"end":{"line":98,"column":55}},"46":{"start":{"line":99,"column":6},"end":{"line":102,"column":7}},"47":{"start":{"line":100,"column":24},"end":{"line":100,"column":71}},"48":{"start":{"line":101,"column":8},"end":{"line":101,"column":43}},"49":{"start":{"line":105,"column":20},"end":{"line":105,"column":67}},"50":{"start":{"line":106,"column":49},"end":{"line":106,"column":56}},"51":{"start":{"line":106,"column":44},"end":{"line":106,"column":49}},"52":{"start":{"line":107,"column":4},"end":{"line":107,"column":34}},"53":{"start":{"line":111,"column":2},"end":{"line":119,"column":5}},"54":{"start":{"line":111,"column":79},"end":{"line":119,"column":4}},"55":{"start":{"line":112,"column":20},"end":{"line":112,"column":39}},"56":{"start":{"line":113,"column":17},"end":{"line":113,"column":46}},"57":{"start":{"line":114,"column":4},"end":{"line":114,"column":74}},"58":{"start":{"line":114,"column":15},"end":{"line":114,"column":74}},"59":{"start":{"line":116,"column":20},"end":{"line":116,"column":84}},"60":{"start":{"line":117,"column":49},"end":{"line":117,"column":56}},"61":{"start":{"line":117,"column":44},"end":{"line":117,"column":49}},"62":{"start":{"line":118,"column":4},"end":{"line":118,"column":34}},"63":{"start":{"line":122,"column":2},"end":{"line":128,"column":5}},"64":{"start":{"line":123,"column":4},"end":{"line":127,"column":7}},"65":{"start":{"line":131,"column":2},"end":{"line":151,"column":5}},"66":{"start":{"line":132,"column":4},"end":{"line":132,"column":104}},"67":{"start":{"line":133,"column":4},"end":{"line":133,"column":65}},"68":{"start":{"line":135,"column":4},"end":{"line":150,"column":7}},"69":{"start":{"line":136,"column":6},"end":{"line":139,"column":7}},"70":{"start":{"line":137,"column":8},"end":{"line":137,"column":44}},"71":{"start":{"line":138,"column":8},"end":{"line":138,"column":89}},"72":{"start":{"line":141,"column":6},"end":{"line":144,"column":7}},"73":{"start":{"line":142,"column":8},"end":{"line":142,"column":44}},"74":{"start":{"line":143,"column":8},"end":{"line":143,"column":69}},"75":{"start":{"line":147,"column":22},"end":{"line":147,"column":53}},"76":{"start":{"line":148,"column":6},"end":{"line":148,"column":58}},"77":{"start":{"line":149,"column":6},"end":{"line":149,"column":33}},"78":{"start":{"line":156,"column":2},"end":{"line":159,"column":5}},"79":{"start":{"line":156,"column":49},"end":{"line":159,"column":4}},"80":{"start":{"line":157,"column":23},"end":{"line":157,"column":53}},"81":{"start":{"line":158,"column":4},"end":{"line":158,"column":25}},"82":{"start":{"line":161,"column":2},"end":{"line":166,"column":5}},"83":{"start":{"line":161,"column":52},"end":{"line":166,"column":4}},"84":{"start":{"line":162,"column":15},"end":{"line":162,"column":38}},"85":{"start":{"line":163,"column":21},"end":{"line":163,"column":61}},"86":{"start":{"line":164,"column":4},"end":{"line":164,"column":82}},"87":{"start":{"line":164,"column":19},"end":{"line":164,"column":82}},"88":{"start":{"line":165,"column":4},"end":{"line":165,"column":23}},"89":{"start":{"line":168,"column":2},"end":{"line":181,"column":5}},"90":{"start":{"line":168,"column":69},"end":{"line":181,"column":4}},"91":{"start":{"line":169,"column":15},"end":{"line":169,"column":38}},"92":{"start":{"line":170,"column":22},"end":{"line":170,"column":47}},"93":{"start":{"line":173,"column":21},"end":{"line":173,"column":50}},"94":{"start":{"line":174,"column":4},"end":{"line":174,"column":82}},"95":{"start":{"line":174,"column":19},"end":{"line":174,"column":82}},"96":{"start":{"line":175,"column":4},"end":{"line":177,"column":5}},"97":{"start":{"line":176,"column":6},"end":{"line":176,"column":95}},"98":{"start":{"line":179,"column":20},"end":{"line":179,"column":62}},"99":{"start":{"line":180,"column":4},"end":{"line":180,"column":22}},"100":{"start":{"line":183,"column":2},"end":{"line":196,"column":5}},"101":{"start":{"line":183,"column":72},"end":{"line":196,"column":4}},"102":{"start":{"line":184,"column":15},"end":{"line":184,"column":38}},"103":{"start":{"line":185,"column":22},"end":{"line":185,"column":47}},"104":{"start":{"line":188,"column":21},"end":{"line":188,"column":50}},"105":{"start":{"line":189,"column":4},"end":{"line":189,"column":82}},"106":{"start":{"line":189,"column":19},"end":{"line":189,"column":82}},"107":{"start":{"line":190,"column":4},"end":{"line":192,"column":5}},"108":{"start":{"line":191,"column":6},"end":{"line":191,"column":97}},"109":{"start":{"line":194,"column":4},"end":{"line":194,"column":37}},"110":{"start":{"line":195,"column":4},"end":{"line":195,"column":32}},"111":{"start":{"line":199,"column":2},"end":{"line":223,"column":5}},"112":{"start":{"line":199,"column":79},"end":{"line":223,"column":4}},"113":{"start":{"line":200,"column":22},"end":{"line":200,"column":47}},"114":{"start":{"line":201,"column":20},"end":{"line":201,"column":28}},"115":{"start":{"line":203,"column":4},"end":{"line":205,"column":5}},"116":{"start":{"line":204,"column":6},"end":{"line":204,"column":97}},"117":{"start":{"line":208,"column":23},"end":{"line":209,"column":null}},"118":{"start":{"line":209,"column":20},"end":{"line":209,"column":53}},"119":{"start":{"line":212,"column":4},"end":{"line":219,"column":5}},"120":{"start":{"line":213,"column":6},"end":{"line":215,"column":7}},"121":{"start":{"line":214,"column":8},"end":{"line":214,"column":85}},"122":{"start":{"line":216,"column":6},"end":{"line":218,"column":7}},"123":{"start":{"line":217,"column":8},"end":{"line":217,"column":101}},"124":{"start":{"line":221,"column":4},"end":{"line":221,"column":69}},"125":{"start":{"line":221,"column":54},"end":{"line":221,"column":66}},"126":{"start":{"line":222,"column":4},"end":{"line":222,"column":51}},"127":{"start":{"line":225,"column":2},"end":{"line":238,"column":5}},"128":{"start":{"line":225,"column":66},"end":{"line":238,"column":4}},"129":{"start":{"line":226,"column":22},"end":{"line":226,"column":47}},"130":{"start":{"line":227,"column":17},"end":{"line":227,"column":32}},"131":{"start":{"line":230,"column":4},"end":{"line":232,"column":5}},"132":{"start":{"line":231,"column":6},"end":{"line":231,"column":72}},"133":{"start":{"line":234,"column":19},"end":{"line":234,"column":87}},"134":{"start":{"line":235,"column":4},"end":{"line":235,"column":67}},"135":{"start":{"line":235,"column":25},"end":{"line":235,"column":67}},"136":{"start":{"line":236,"column":21},"end":{"line":236,"column":62}},"137":{"start":{"line":237,"column":4},"end":{"line":237,"column":23}},"138":{"start":{"line":241,"column":2},"end":{"line":251,"column":5}},"139":{"start":{"line":241,"column":73},"end":{"line":251,"column":4}},"140":{"start":{"line":242,"column":22},"end":{"line":242,"column":47}},"141":{"start":{"line":243,"column":17},"end":{"line":243,"column":32}},"142":{"start":{"line":245,"column":4},"end":{"line":247,"column":5}},"143":{"start":{"line":246,"column":6},"end":{"line":246,"column":72}},"144":{"start":{"line":249,"column":23},"end":{"line":249,"column":69}},"145":{"start":{"line":250,"column":4},"end":{"line":250,"column":25}},"146":{"start":{"line":254,"column":2},"end":{"line":266,"column":5}},"147":{"start":{"line":254,"column":78},"end":{"line":266,"column":4}},"148":{"start":{"line":255,"column":23},"end":{"line":255,"column":46}},"149":{"start":{"line":256,"column":22},"end":{"line":256,"column":47}},"150":{"start":{"line":258,"column":21},"end":{"line":258,"column":58}},"151":{"start":{"line":259,"column":4},"end":{"line":259,"column":82}},"152":{"start":{"line":259,"column":19},"end":{"line":259,"column":82}},"153":{"start":{"line":260,"column":4},"end":{"line":262,"column":5}},"154":{"start":{"line":261,"column":6},"end":{"line":261,"column":67}},"155":{"start":{"line":264,"column":21},"end":{"line":264,"column":70}},"156":{"start":{"line":265,"column":4},"end":{"line":265,"column":23}},"157":{"start":{"line":269,"column":2},"end":{"line":273,"column":5}},"158":{"start":{"line":269,"column":63},"end":{"line":273,"column":4}},"159":{"start":{"line":270,"column":23},"end":{"line":270,"column":46}},"160":{"start":{"line":271,"column":23},"end":{"line":271,"column":74}},"161":{"start":{"line":272,"column":4},"end":{"line":272,"column":25}},"162":{"start":{"line":276,"column":2},"end":{"line":289,"column":5}},"163":{"start":{"line":276,"column":78},"end":{"line":289,"column":4}},"164":{"start":{"line":277,"column":15},"end":{"line":277,"column":38}},"165":{"start":{"line":278,"column":22},"end":{"line":278,"column":47}},"166":{"start":{"line":280,"column":21},"end":{"line":280,"column":50}},"167":{"start":{"line":281,"column":4},"end":{"line":281,"column":82}},"168":{"start":{"line":281,"column":19},"end":{"line":281,"column":82}},"169":{"start":{"line":282,"column":4},"end":{"line":284,"column":5}},"170":{"start":{"line":283,"column":6},"end":{"line":283,"column":67}},"171":{"start":{"line":286,"column":22},"end":{"line":286,"column":77}},"172":{"start":{"line":287,"column":20},"end":{"line":287,"column":75}},"173":{"start":{"line":288,"column":4},"end":{"line":288,"column":22}},"174":{"start":{"line":292,"column":2},"end":{"line":296,"column":5}},"175":{"start":{"line":292,"column":66},"end":{"line":296,"column":4}},"176":{"start":{"line":293,"column":22},"end":{"line":293,"column":47}},"177":{"start":{"line":294,"column":24},"end":{"line":294,"column":66}},"178":{"start":{"line":295,"column":4},"end":{"line":295,"column":26}},"179":{"start":{"line":298,"column":2},"end":{"line":325,"column":5}},"180":{"start":{"line":298,"column":67},"end":{"line":325,"column":4}},"181":{"start":{"line":299,"column":22},"end":{"line":299,"column":47}},"182":{"start":{"line":300,"column":48},"end":{"line":300,"column":56}},"183":{"start":{"line":300,"column":24},"end":{"line":300,"column":29}},"184":{"start":{"line":300,"column":43},"end":{"line":300,"column":48}},"185":{"start":{"line":301,"column":19},"end":{"line":304,"column":null}},"186":{"start":{"line":306,"column":4},"end":{"line":306,"column":67}},"187":{"start":{"line":306,"column":25},"end":{"line":306,"column":67}},"188":{"start":{"line":309,"column":21},"end":{"line":309,"column":83}},"189":{"start":{"line":310,"column":4},"end":{"line":318,"column":5}},"190":{"start":{"line":312,"column":6},"end":{"line":316,"column":7}},"191":{"start":{"line":313,"column":8},"end":{"line":313,"column":79}},"192":{"start":{"line":314,"column":28},"end":{"line":314,"column":98}},"193":{"start":{"line":315,"column":8},"end":{"line":315,"column":37}},"194":{"start":{"line":317,"column":6},"end":{"line":317,"column":84}},"195":{"start":{"line":321,"column":4},"end":{"line":321,"column":50}},"196":{"start":{"line":323,"column":23},"end":{"line":323,"column":66}},"197":{"start":{"line":324,"column":4},"end":{"line":324,"column":25}},"198":{"start":{"line":328,"column":2},"end":{"line":340,"column":5}},"199":{"start":{"line":328,"column":70},"end":{"line":340,"column":4}},"200":{"start":{"line":329,"column":15},"end":{"line":329,"column":38}},"201":{"start":{"line":330,"column":22},"end":{"line":330,"column":47}},"202":{"start":{"line":332,"column":23},"end":{"line":332,"column":58}},"203":{"start":{"line":333,"column":4},"end":{"line":333,"column":86}},"204":{"start":{"line":333,"column":21},"end":{"line":333,"column":86}},"205":{"start":{"line":334,"column":4},"end":{"line":336,"column":5}},"206":{"start":{"line":335,"column":6},"end":{"line":335,"column":68}},"207":{"start":{"line":338,"column":20},"end":{"line":338,"column":64}},"208":{"start":{"line":339,"column":4},"end":{"line":339,"column":22}},"209":{"start":{"line":343,"column":2},"end":{"line":360,"column":5}},"210":{"start":{"line":343,"column":86},"end":{"line":360,"column":4}},"211":{"start":{"line":344,"column":15},"end":{"line":344,"column":38}},"212":{"start":{"line":345,"column":22},"end":{"line":345,"column":47}},"213":{"start":{"line":347,"column":23},"end":{"line":347,"column":58}},"214":{"start":{"line":348,"column":4},"end":{"line":348,"column":86}},"215":{"start":{"line":348,"column":21},"end":{"line":348,"column":86}},"216":{"start":{"line":349,"column":4},"end":{"line":351,"column":5}},"217":{"start":{"line":350,"column":6},"end":{"line":350,"column":68}},"218":{"start":{"line":353,"column":29},"end":{"line":353,"column":37}},"219":{"start":{"line":354,"column":4},"end":{"line":356,"column":5}},"220":{"start":{"line":355,"column":6},"end":{"line":355,"column":79}},"221":{"start":{"line":358,"column":20},"end":{"line":358,"column":80}},"222":{"start":{"line":359,"column":4},"end":{"line":359,"column":22}},"223":{"start":{"line":363,"column":2},"end":{"line":368,"column":5}},"224":{"start":{"line":363,"column":67},"end":{"line":368,"column":4}},"225":{"start":{"line":364,"column":19},"end":{"line":364,"column":61}},"226":{"start":{"line":365,"column":4},"end":{"line":365,"column":67}},"227":{"start":{"line":365,"column":25},"end":{"line":365,"column":67}},"228":{"start":{"line":366,"column":23},"end":{"line":366,"column":66}},"229":{"start":{"line":367,"column":4},"end":{"line":367,"column":25}},"230":{"start":{"line":370,"column":2},"end":{"line":374,"column":5}},"231":{"start":{"line":370,"column":82},"end":{"line":374,"column":4}},"232":{"start":{"line":371,"column":25},"end":{"line":371,"column":48}},"233":{"start":{"line":372,"column":24},"end":{"line":372,"column":80}},"234":{"start":{"line":373,"column":4},"end":{"line":373,"column":26}},"235":{"start":{"line":376,"column":2},"end":{"line":396,"column":5}},"236":{"start":{"line":376,"column":79},"end":{"line":396,"column":4}},"237":{"start":{"line":377,"column":15},"end":{"line":377,"column":38}},"238":{"start":{"line":378,"column":43},"end":{"line":378,"column":51}},"239":{"start":{"line":379,"column":22},"end":{"line":379,"column":47}},"240":{"start":{"line":382,"column":23},"end":{"line":382,"column":54}},"241":{"start":{"line":383,"column":4},"end":{"line":383,"column":86}},"242":{"start":{"line":383,"column":21},"end":{"line":383,"column":86}},"243":{"start":{"line":385,"column":23},"end":{"line":385,"column":79}},"244":{"start":{"line":386,"column":4},"end":{"line":386,"column":86}},"245":{"start":{"line":386,"column":21},"end":{"line":386,"column":86}},"246":{"start":{"line":388,"column":21},"end":{"line":388,"column":70}},"247":{"start":{"line":389,"column":4},"end":{"line":389,"column":82}},"248":{"start":{"line":389,"column":19},"end":{"line":389,"column":82}},"249":{"start":{"line":390,"column":4},"end":{"line":392,"column":5}},"250":{"start":{"line":391,"column":6},"end":{"line":391,"column":67}},"251":{"start":{"line":394,"column":20},"end":{"line":394,"column":90}},"252":{"start":{"line":395,"column":4},"end":{"line":395,"column":22}},"253":{"start":{"line":399,"column":2},"end":{"line":416,"column":5}},"254":{"start":{"line":399,"column":67},"end":{"line":416,"column":4}},"255":{"start":{"line":400,"column":19},"end":{"line":400,"column":42}},"256":{"start":{"line":401,"column":22},"end":{"line":401,"column":47}},"257":{"start":{"line":403,"column":17},"end":{"line":403,"column":46}},"258":{"start":{"line":404,"column":4},"end":{"line":404,"column":74}},"259":{"start":{"line":404,"column":15},"end":{"line":404,"column":74}},"260":{"start":{"line":406,"column":17},"end":{"line":406,"column":51}},"261":{"start":{"line":407,"column":4},"end":{"line":407,"column":74}},"262":{"start":{"line":407,"column":15},"end":{"line":407,"column":74}},"263":{"start":{"line":409,"column":21},"end":{"line":409,"column":63}},"264":{"start":{"line":410,"column":4},"end":{"line":412,"column":5}},"265":{"start":{"line":411,"column":6},"end":{"line":411,"column":67}},"266":{"start":{"line":414,"column":4},"end":{"line":414,"column":37}},"267":{"start":{"line":415,"column":4},"end":{"line":415,"column":32}},"268":{"start":{"line":419,"column":2},"end":{"line":431,"column":5}},"269":{"start":{"line":419,"column":104},"end":{"line":431,"column":4}},"270":{"start":{"line":420,"column":25},"end":{"line":420,"column":58}},"271":{"start":{"line":421,"column":19},"end":{"line":421,"column":46}},"272":{"start":{"line":424,"column":23},"end":{"line":424,"column":68}},"273":{"start":{"line":425,"column":4},"end":{"line":427,"column":5}},"274":{"start":{"line":426,"column":6},"end":{"line":426,"column":63}},"275":{"start":{"line":429,"column":23},"end":{"line":429,"column":76}},"276":{"start":{"line":430,"column":4},"end":{"line":430,"column":25}},"277":{"start":{"line":433,"column":2},"end":{"line":445,"column":5}},"278":{"start":{"line":433,"column":106},"end":{"line":445,"column":4}},"279":{"start":{"line":434,"column":25},"end":{"line":434,"column":58}},"280":{"start":{"line":435,"column":19},"end":{"line":435,"column":46}},"281":{"start":{"line":438,"column":23},"end":{"line":438,"column":68}},"282":{"start":{"line":439,"column":4},"end":{"line":441,"column":5}},"283":{"start":{"line":440,"column":6},"end":{"line":440,"column":63}},"284":{"start":{"line":443,"column":4},"end":{"line":443,"column":59}},"285":{"start":{"line":444,"column":4},"end":{"line":444,"column":32}},"286":{"start":{"line":447,"column":2},"end":{"line":459,"column":5}},"287":{"start":{"line":447,"column":96},"end":{"line":459,"column":4}},"288":{"start":{"line":448,"column":25},"end":{"line":448,"column":58}},"289":{"start":{"line":449,"column":22},"end":{"line":449,"column":47}},"290":{"start":{"line":452,"column":23},"end":{"line":452,"column":68}},"291":{"start":{"line":453,"column":4},"end":{"line":455,"column":5}},"292":{"start":{"line":454,"column":6},"end":{"line":454,"column":63}},"293":{"start":{"line":457,"column":29},"end":{"line":457,"column":74}},"294":{"start":{"line":458,"column":4},"end":{"line":458,"column":31}},"295":{"start":{"line":462,"column":2},"end":{"line":474,"column":5}},"296":{"start":{"line":462,"column":79},"end":{"line":474,"column":4}},"297":{"start":{"line":463,"column":23},"end":{"line":463,"column":46}},"298":{"start":{"line":464,"column":22},"end":{"line":464,"column":47}},"299":{"start":{"line":467,"column":21},"end":{"line":467,"column":58}},"300":{"start":{"line":468,"column":4},"end":{"line":470,"column":5}},"301":{"start":{"line":469,"column":6},"end":{"line":469,"column":80}},"302":{"start":{"line":472,"column":22},"end":{"line":472,"column":68}},"303":{"start":{"line":473,"column":4},"end":{"line":473,"column":24}},"304":{"start":{"line":476,"column":2},"end":{"line":488,"column":5}},"305":{"start":{"line":476,"column":96},"end":{"line":488,"column":4}},"306":{"start":{"line":477,"column":23},"end":{"line":477,"column":46}},"307":{"start":{"line":478,"column":22},"end":{"line":478,"column":47}},"308":{"start":{"line":481,"column":21},"end":{"line":481,"column":58}},"309":{"start":{"line":482,"column":4},"end":{"line":484,"column":5}},"310":{"start":{"line":483,"column":6},"end":{"line":483,"column":80}},"311":{"start":{"line":486,"column":18},"end":{"line":486,"column":66}},"312":{"start":{"line":487,"column":4},"end":{"line":487,"column":20}},"313":{"start":{"line":490,"column":2},"end":{"line":502,"column":5}},"314":{"start":{"line":490,"column":96},"end":{"line":502,"column":4}},"315":{"start":{"line":491,"column":23},"end":{"line":491,"column":46}},"316":{"start":{"line":492,"column":22},"end":{"line":492,"column":47}},"317":{"start":{"line":495,"column":21},"end":{"line":495,"column":58}},"318":{"start":{"line":496,"column":4},"end":{"line":498,"column":5}},"319":{"start":{"line":497,"column":6},"end":{"line":497,"column":80}},"320":{"start":{"line":500,"column":18},"end":{"line":500,"column":69}},"321":{"start":{"line":501,"column":4},"end":{"line":501,"column":20}},"322":{"start":{"line":506,"column":2},"end":{"line":540,"column":5}},"323":{"start":{"line":506,"column":74},"end":{"line":540,"column":4}},"324":{"start":{"line":507,"column":22},"end":{"line":507,"column":47}},"325":{"start":{"line":508,"column":17},"end":{"line":508,"column":32}},"326":{"start":{"line":510,"column":4},"end":{"line":512,"column":5}},"327":{"start":{"line":511,"column":6},"end":{"line":511,"column":72}},"328":{"start":{"line":514,"column":34},"end":{"line":514,"column":42}},"329":{"start":{"line":516,"column":4},"end":{"line":518,"column":5}},"330":{"start":{"line":517,"column":6},"end":{"line":517,"column":74}},"331":{"start":{"line":520,"column":21},"end":{"line":520,"column":58}},"332":{"start":{"line":521,"column":4},"end":{"line":523,"column":5}},"333":{"start":{"line":522,"column":6},"end":{"line":522,"column":66}},"334":{"start":{"line":525,"column":4},"end":{"line":527,"column":5}},"335":{"start":{"line":526,"column":6},"end":{"line":526,"column":89}},"336":{"start":{"line":530,"column":26},"end":{"line":530,"column":109}},"337":{"start":{"line":531,"column":26},"end":{"line":531,"column":92}},"338":{"start":{"line":533,"column":4},"end":{"line":533,"column":71}},"339":{"start":{"line":535,"column":4},"end":{"line":539,"column":7}},"340":{"start":{"line":543,"column":2},"end":{"line":579,"column":5}},"341":{"start":{"line":543,"column":71},"end":{"line":579,"column":4}},"342":{"start":{"line":544,"column":22},"end":{"line":544,"column":47}},"343":{"start":{"line":545,"column":17},"end":{"line":545,"column":32}},"344":{"start":{"line":547,"column":4},"end":{"line":549,"column":5}},"345":{"start":{"line":548,"column":6},"end":{"line":548,"column":72}},"346":{"start":{"line":551,"column":45},"end":{"line":551,"column":53}},"347":{"start":{"line":553,"column":4},"end":{"line":555,"column":5}},"348":{"start":{"line":554,"column":6},"end":{"line":554,"column":74}},"349":{"start":{"line":557,"column":4},"end":{"line":559,"column":5}},"350":{"start":{"line":558,"column":6},"end":{"line":558,"column":73}},"351":{"start":{"line":561,"column":21},"end":{"line":561,"column":58}},"352":{"start":{"line":562,"column":4},"end":{"line":564,"column":5}},"353":{"start":{"line":563,"column":6},"end":{"line":563,"column":66}},"354":{"start":{"line":566,"column":4},"end":{"line":568,"column":5}},"355":{"start":{"line":567,"column":6},"end":{"line":567,"column":84}},"356":{"start":{"line":570,"column":26},"end":{"line":570,"column":109}},"357":{"start":{"line":571,"column":26},"end":{"line":571,"column":92}},"358":{"start":{"line":573,"column":4},"end":{"line":578,"column":7}},"359":{"start":{"line":581,"column":2},"end":{"line":592,"column":5}},"360":{"start":{"line":581,"column":83},"end":{"line":592,"column":4}},"361":{"start":{"line":582,"column":23},"end":{"line":582,"column":46}},"362":{"start":{"line":583,"column":22},"end":{"line":583,"column":47}},"363":{"start":{"line":585,"column":21},"end":{"line":585,"column":58}},"364":{"start":{"line":586,"column":4},"end":{"line":588,"column":5}},"365":{"start":{"line":587,"column":6},"end":{"line":587,"column":63}},"366":{"start":{"line":590,"column":21},"end":{"line":590,"column":62}},"367":{"start":{"line":591,"column":4},"end":{"line":591,"column":23}},"368":{"start":{"line":594,"column":2},"end":{"line":610,"column":5}},"369":{"start":{"line":594,"column":84},"end":{"line":610,"column":4}},"370":{"start":{"line":595,"column":23},"end":{"line":595,"column":46}},"371":{"start":{"line":596,"column":22},"end":{"line":596,"column":47}},"372":{"start":{"line":597,"column":30},"end":{"line":597,"column":38}},"373":{"start":{"line":599,"column":21},"end":{"line":599,"column":58}},"374":{"start":{"line":600,"column":4},"end":{"line":602,"column":5}},"375":{"start":{"line":601,"column":6},"end":{"line":601,"column":63}},"376":{"start":{"line":604,"column":20},"end":{"line":608,"column":6}},"377":{"start":{"line":609,"column":4},"end":{"line":609,"column":22}},"378":{"start":{"line":612,"column":2},"end":{"line":612,"column":20}}},"fnMap":{"0":{"name":"(anonymous_15)","decl":{"start":{"line":22,"column":15},"end":{"line":22,"column":25}},"loc":{"start":{"line":22,"column":40},"end":{"line":24,"column":3}}},"1":{"name":"(anonymous_16)","decl":{"start":{"line":25,"column":12},"end":{"line":25,"column":22}},"loc":{"start":{"line":25,"column":36},"end":{"line":28,"column":3}}},"2":{"name":"(anonymous_17)","decl":{"start":{"line":36,"column":14},"end":{"line":36,"column":15}},"loc":{"start":{"line":36,"column":33},"end":{"line":46,"column":3}}},"3":{"name":"registerRoutes","decl":{"start":{"line":49,"column":22},"end":{"line":49,"column":36}},"loc":{"start":{"line":51,"column":14},"end":{"line":613,"column":null}}},"4":{"name":"(anonymous_20)","decl":{"start":{"line":62,"column":34},"end":{"line":62,"column":41}},"loc":{"start":{"line":62,"column":53},"end":{"line":77,"column":4}}},"5":{"name":"(anonymous_21)","decl":{"start":{"line":62,"column":53},"end":{"line":62,"column":null}},"loc":{"start":{"line":62,"column":53},"end":{"line":77,"column":3}}},"6":{"name":"(anonymous_22)","decl":{"start":{"line":80,"column":44},"end":{"line":80,"column":51}},"loc":{"start":{"line":80,"column":63},"end":{"line":108,"column":4}}},"7":{"name":"(anonymous_23)","decl":{"start":{"line":80,"column":63},"end":{"line":80,"column":null}},"loc":{"start":{"line":80,"column":63},"end":{"line":108,"column":3}}},"8":{"name":"(anonymous_24)","decl":{"start":{"line":101,"column":33},"end":{"line":101,"column":36}},"loc":{"start":{"line":101,"column":38},"end":{"line":101,"column":41}}},"9":{"name":"(anonymous_25)","decl":{"start":{"line":111,"column":60},"end":{"line":111,"column":67}},"loc":{"start":{"line":111,"column":79},"end":{"line":119,"column":4}}},"10":{"name":"(anonymous_26)","decl":{"start":{"line":111,"column":79},"end":{"line":111,"column":null}},"loc":{"start":{"line":111,"column":79},"end":{"line":119,"column":3}}},"11":{"name":"(anonymous_27)","decl":{"start":{"line":122,"column":37},"end":{"line":122,"column":38}},"loc":{"start":{"line":122,"column":50},"end":{"line":128,"column":3}}},"12":{"name":"(anonymous_28)","decl":{"start":{"line":131,"column":43},"end":{"line":131,"column":44}},"loc":{"start":{"line":131,"column":56},"end":{"line":151,"column":3}}},"13":{"name":"(anonymous_29)","decl":{"start":{"line":135,"column":36},"end":{"line":135,"column":37}},"loc":{"start":{"line":135,"column":44},"end":{"line":150,"column":5}}},"14":{"name":"(anonymous_30)","decl":{"start":{"line":156,"column":29},"end":{"line":156,"column":36}},"loc":{"start":{"line":156,"column":49},"end":{"line":159,"column":4}}},"15":{"name":"(anonymous_31)","decl":{"start":{"line":156,"column":49},"end":{"line":156,"column":null}},"loc":{"start":{"line":156,"column":49},"end":{"line":159,"column":3}}},"16":{"name":"(anonymous_32)","decl":{"start":{"line":161,"column":33},"end":{"line":161,"column":40}},"loc":{"start":{"line":161,"column":52},"end":{"line":166,"column":4}}},"17":{"name":"(anonymous_33)","decl":{"start":{"line":161,"column":52},"end":{"line":161,"column":null}},"loc":{"start":{"line":161,"column":52},"end":{"line":166,"column":3}}},"18":{"name":"(anonymous_34)","decl":{"start":{"line":168,"column":50},"end":{"line":168,"column":57}},"loc":{"start":{"line":168,"column":69},"end":{"line":181,"column":4}}},"19":{"name":"(anonymous_35)","decl":{"start":{"line":168,"column":69},"end":{"line":168,"column":null}},"loc":{"start":{"line":168,"column":69},"end":{"line":181,"column":3}}},"20":{"name":"(anonymous_36)","decl":{"start":{"line":183,"column":53},"end":{"line":183,"column":60}},"loc":{"start":{"line":183,"column":72},"end":{"line":196,"column":4}}},"21":{"name":"(anonymous_37)","decl":{"start":{"line":183,"column":72},"end":{"line":183,"column":null}},"loc":{"start":{"line":183,"column":72},"end":{"line":196,"column":3}}},"22":{"name":"(anonymous_38)","decl":{"start":{"line":199,"column":60},"end":{"line":199,"column":67}},"loc":{"start":{"line":199,"column":79},"end":{"line":223,"column":4}}},"23":{"name":"(anonymous_39)","decl":{"start":{"line":199,"column":79},"end":{"line":199,"column":null}},"loc":{"start":{"line":199,"column":79},"end":{"line":223,"column":3}}},"24":{"name":"(anonymous_40)","decl":{"start":{"line":209,"column":14},"end":{"line":209,"column":16}},"loc":{"start":{"line":209,"column":20},"end":{"line":209,"column":53}}},"25":{"name":"(anonymous_41)","decl":{"start":{"line":221,"column":48},"end":{"line":221,"column":50}},"loc":{"start":{"line":221,"column":54},"end":{"line":221,"column":66}}},"26":{"name":"(anonymous_42)","decl":{"start":{"line":225,"column":47},"end":{"line":225,"column":54}},"loc":{"start":{"line":225,"column":66},"end":{"line":238,"column":4}}},"27":{"name":"(anonymous_43)","decl":{"start":{"line":225,"column":66},"end":{"line":225,"column":null}},"loc":{"start":{"line":225,"column":66},"end":{"line":238,"column":3}}},"28":{"name":"(anonymous_44)","decl":{"start":{"line":241,"column":54},"end":{"line":241,"column":61}},"loc":{"start":{"line":241,"column":73},"end":{"line":251,"column":4}}},"29":{"name":"(anonymous_45)","decl":{"start":{"line":241,"column":73},"end":{"line":241,"column":null}},"loc":{"start":{"line":241,"column":73},"end":{"line":251,"column":3}}},"30":{"name":"(anonymous_46)","decl":{"start":{"line":254,"column":59},"end":{"line":254,"column":66}},"loc":{"start":{"line":254,"column":78},"end":{"line":266,"column":4}}},"31":{"name":"(anonymous_47)","decl":{"start":{"line":254,"column":78},"end":{"line":254,"column":null}},"loc":{"start":{"line":254,"column":78},"end":{"line":266,"column":3}}},"32":{"name":"(anonymous_48)","decl":{"start":{"line":269,"column":44},"end":{"line":269,"column":51}},"loc":{"start":{"line":269,"column":63},"end":{"line":273,"column":4}}},"33":{"name":"(anonymous_49)","decl":{"start":{"line":269,"column":63},"end":{"line":269,"column":null}},"loc":{"start":{"line":269,"column":63},"end":{"line":273,"column":3}}},"34":{"name":"(anonymous_50)","decl":{"start":{"line":276,"column":59},"end":{"line":276,"column":66}},"loc":{"start":{"line":276,"column":78},"end":{"line":289,"column":4}}},"35":{"name":"(anonymous_51)","decl":{"start":{"line":276,"column":78},"end":{"line":276,"column":null}},"loc":{"start":{"line":276,"column":78},"end":{"line":289,"column":3}}},"36":{"name":"(anonymous_52)","decl":{"start":{"line":292,"column":47},"end":{"line":292,"column":54}},"loc":{"start":{"line":292,"column":66},"end":{"line":296,"column":4}}},"37":{"name":"(anonymous_53)","decl":{"start":{"line":292,"column":66},"end":{"line":292,"column":null}},"loc":{"start":{"line":292,"column":66},"end":{"line":296,"column":3}}},"38":{"name":"(anonymous_54)","decl":{"start":{"line":298,"column":48},"end":{"line":298,"column":55}},"loc":{"start":{"line":298,"column":67},"end":{"line":325,"column":4}}},"39":{"name":"(anonymous_55)","decl":{"start":{"line":298,"column":67},"end":{"line":298,"column":null}},"loc":{"start":{"line":298,"column":67},"end":{"line":325,"column":3}}},"40":{"name":"(anonymous_56)","decl":{"start":{"line":328,"column":51},"end":{"line":328,"column":58}},"loc":{"start":{"line":328,"column":70},"end":{"line":340,"column":4}}},"41":{"name":"(anonymous_57)","decl":{"start":{"line":328,"column":70},"end":{"line":328,"column":null}},"loc":{"start":{"line":328,"column":70},"end":{"line":340,"column":3}}},"42":{"name":"(anonymous_58)","decl":{"start":{"line":343,"column":67},"end":{"line":343,"column":74}},"loc":{"start":{"line":343,"column":86},"end":{"line":360,"column":4}}},"43":{"name":"(anonymous_59)","decl":{"start":{"line":343,"column":86},"end":{"line":343,"column":null}},"loc":{"start":{"line":343,"column":86},"end":{"line":360,"column":3}}},"44":{"name":"(anonymous_60)","decl":{"start":{"line":363,"column":48},"end":{"line":363,"column":55}},"loc":{"start":{"line":363,"column":67},"end":{"line":368,"column":4}}},"45":{"name":"(anonymous_61)","decl":{"start":{"line":363,"column":67},"end":{"line":363,"column":null}},"loc":{"start":{"line":363,"column":67},"end":{"line":368,"column":3}}},"46":{"name":"(anonymous_62)","decl":{"start":{"line":370,"column":63},"end":{"line":370,"column":70}},"loc":{"start":{"line":370,"column":82},"end":{"line":374,"column":4}}},"47":{"name":"(anonymous_63)","decl":{"start":{"line":370,"column":82},"end":{"line":370,"column":null}},"loc":{"start":{"line":370,"column":82},"end":{"line":374,"column":3}}},"48":{"name":"(anonymous_64)","decl":{"start":{"line":376,"column":60},"end":{"line":376,"column":67}},"loc":{"start":{"line":376,"column":79},"end":{"line":396,"column":4}}},"49":{"name":"(anonymous_65)","decl":{"start":{"line":376,"column":79},"end":{"line":376,"column":null}},"loc":{"start":{"line":376,"column":79},"end":{"line":396,"column":3}}},"50":{"name":"(anonymous_66)","decl":{"start":{"line":399,"column":48},"end":{"line":399,"column":55}},"loc":{"start":{"line":399,"column":67},"end":{"line":416,"column":4}}},"51":{"name":"(anonymous_67)","decl":{"start":{"line":399,"column":67},"end":{"line":399,"column":null}},"loc":{"start":{"line":399,"column":67},"end":{"line":416,"column":3}}},"52":{"name":"(anonymous_68)","decl":{"start":{"line":419,"column":85},"end":{"line":419,"column":92}},"loc":{"start":{"line":419,"column":104},"end":{"line":431,"column":4}}},"53":{"name":"(anonymous_69)","decl":{"start":{"line":419,"column":104},"end":{"line":419,"column":null}},"loc":{"start":{"line":419,"column":104},"end":{"line":431,"column":3}}},"54":{"name":"(anonymous_70)","decl":{"start":{"line":433,"column":87},"end":{"line":433,"column":94}},"loc":{"start":{"line":433,"column":106},"end":{"line":445,"column":4}}},"55":{"name":"(anonymous_71)","decl":{"start":{"line":433,"column":106},"end":{"line":433,"column":null}},"loc":{"start":{"line":433,"column":106},"end":{"line":445,"column":3}}},"56":{"name":"(anonymous_72)","decl":{"start":{"line":447,"column":77},"end":{"line":447,"column":84}},"loc":{"start":{"line":447,"column":96},"end":{"line":459,"column":4}}},"57":{"name":"(anonymous_73)","decl":{"start":{"line":447,"column":96},"end":{"line":447,"column":null}},"loc":{"start":{"line":447,"column":96},"end":{"line":459,"column":3}}},"58":{"name":"(anonymous_74)","decl":{"start":{"line":462,"column":60},"end":{"line":462,"column":67}},"loc":{"start":{"line":462,"column":79},"end":{"line":474,"column":4}}},"59":{"name":"(anonymous_75)","decl":{"start":{"line":462,"column":79},"end":{"line":462,"column":null}},"loc":{"start":{"line":462,"column":79},"end":{"line":474,"column":3}}},"60":{"name":"(anonymous_76)","decl":{"start":{"line":476,"column":77},"end":{"line":476,"column":84}},"loc":{"start":{"line":476,"column":96},"end":{"line":488,"column":4}}},"61":{"name":"(anonymous_77)","decl":{"start":{"line":476,"column":96},"end":{"line":476,"column":null}},"loc":{"start":{"line":476,"column":96},"end":{"line":488,"column":3}}},"62":{"name":"(anonymous_78)","decl":{"start":{"line":490,"column":77},"end":{"line":490,"column":84}},"loc":{"start":{"line":490,"column":96},"end":{"line":502,"column":4}}},"63":{"name":"(anonymous_79)","decl":{"start":{"line":490,"column":96},"end":{"line":490,"column":null}},"loc":{"start":{"line":490,"column":96},"end":{"line":502,"column":3}}},"64":{"name":"(anonymous_80)","decl":{"start":{"line":506,"column":55},"end":{"line":506,"column":62}},"loc":{"start":{"line":506,"column":74},"end":{"line":540,"column":4}}},"65":{"name":"(anonymous_81)","decl":{"start":{"line":506,"column":74},"end":{"line":506,"column":null}},"loc":{"start":{"line":506,"column":74},"end":{"line":540,"column":3}}},"66":{"name":"(anonymous_82)","decl":{"start":{"line":543,"column":52},"end":{"line":543,"column":59}},"loc":{"start":{"line":543,"column":71},"end":{"line":579,"column":4}}},"67":{"name":"(anonymous_83)","decl":{"start":{"line":543,"column":71},"end":{"line":543,"column":null}},"loc":{"start":{"line":543,"column":71},"end":{"line":579,"column":3}}},"68":{"name":"(anonymous_84)","decl":{"start":{"line":581,"column":64},"end":{"line":581,"column":71}},"loc":{"start":{"line":581,"column":83},"end":{"line":592,"column":4}}},"69":{"name":"(anonymous_85)","decl":{"start":{"line":581,"column":83},"end":{"line":581,"column":null}},"loc":{"start":{"line":581,"column":83},"end":{"line":592,"column":3}}},"70":{"name":"(anonymous_86)","decl":{"start":{"line":594,"column":65},"end":{"line":594,"column":72}},"loc":{"start":{"line":594,"column":84},"end":{"line":610,"column":4}}},"71":{"name":"(anonymous_87)","decl":{"start":{"line":594,"column":84},"end":{"line":594,"column":null}},"loc":{"start":{"line":594,"column":84},"end":{"line":610,"column":3}}}},"branchMap":{"0":{"loc":{"start":{"line":41,"column":4},"end":{"line":45,"column":5}},"type":"if","locations":[{"start":{"line":41,"column":4},"end":{"line":45,"column":5}},{"start":{"line":43,"column":11},"end":{"line":45,"column":5}}]},"1":{"loc":{"start":{"line":41,"column":8},"end":{"line":41,"column":27}},"type":"binary-expr","locations":[{"start":{"line":41,"column":8},"end":{"line":41,"column":16}},{"start":{"line":41,"column":20},"end":{"line":41,"column":27}}]},"2":{"loc":{"start":{"line":64,"column":4},"end":{"line":64,"column":74}},"type":"if","locations":[{"start":{"line":64,"column":4},"end":{"line":64,"column":74}},{"start":{},"end":{}}]},"3":{"loc":{"start":{"line":67,"column":4},"end":{"line":73,"column":5}},"type":"if","locations":[{"start":{"line":67,"column":4},"end":{"line":73,"column":5}},{"start":{},"end":{}}]},"4":{"loc":{"start":{"line":84,"column":4},"end":{"line":86,"column":5}},"type":"if","locations":[{"start":{"line":84,"column":4},"end":{"line":86,"column":5}},{"start":{},"end":{}}]},"5":{"loc":{"start":{"line":84,"column":8},"end":{"line":84,"column":110}},"type":"binary-expr","locations":[{"start":{"line":84,"column":8},"end":{"line":84,"column":26}},{"start":{"line":84,"column":30},"end":{"line":84,"column":68}},{"start":{"line":84,"column":72},"end":{"line":84,"column":110}}]},"6":{"loc":{"start":{"line":91,"column":6},"end":{"line":93,"column":7}},"type":"if","locations":[{"start":{"line":91,"column":6},"end":{"line":93,"column":7}},{"start":{},"end":{}}]},"7":{"loc":{"start":{"line":97,"column":4},"end":{"line":103,"column":5}},"type":"if","locations":[{"start":{"line":97,"column":4},"end":{"line":103,"column":5}},{"start":{},"end":{}}]},"8":{"loc":{"start":{"line":99,"column":6},"end":{"line":102,"column":7}},"type":"if","locations":[{"start":{"line":99,"column":6},"end":{"line":102,"column":7}},{"start":{},"end":{}}]},"9":{"loc":{"start":{"line":99,"column":10},"end":{"line":99,"column":57}},"type":"cond-expr","locations":[{"start":{"line":99,"column":32},"end":{"line":99,"column":34}},{"start":{"line":99,"column":32},"end":{"line":99,"column":57}}]},"10":{"loc":{"start":{"line":99,"column":10},"end":{"line":99,"column":34}},"type":"binary-expr","locations":[{"start":{"line":99,"column":10},"end":{"line":99,"column":34}},{"start":{"line":99,"column":32},"end":{"line":99,"column":34}}]},"11":{"loc":{"start":{"line":99,"column":10},"end":{"line":99,"column":32}},"type":"cond-expr","locations":[{"start":{"line":99,"column":21},"end":{"line":99,"column":23}},{"start":{"line":99,"column":10},"end":{"line":99,"column":32}}]},"12":{"loc":{"start":{"line":99,"column":10},"end":{"line":99,"column":23}},"type":"binary-expr","locations":[{"start":{"line":99,"column":10},"end":{"line":99,"column":23}},{"start":{"line":99,"column":10},"end":{"line":99,"column":23}}]},"13":{"loc":{"start":{"line":114,"column":4},"end":{"line":114,"column":74}},"type":"if","locations":[{"start":{"line":114,"column":4},"end":{"line":114,"column":74}},{"start":{},"end":{}}]},"14":{"loc":{"start":{"line":132,"column":54},"end":{"line":132,"column":102}},"type":"binary-expr","locations":[{"start":{"line":132,"column":54},"end":{"line":132,"column":81}},{"start":{"line":132,"column":85},"end":{"line":132,"column":102}}]},"15":{"loc":{"start":{"line":132,"column":54},"end":{"line":132,"column":81}},"type":"cond-expr","locations":[{"start":{"line":132,"column":71},"end":{"line":132,"column":73}},{"start":{"line":132,"column":71},"end":{"line":132,"column":81}}]},"16":{"loc":{"start":{"line":132,"column":54},"end":{"line":132,"column":73}},"type":"binary-expr","locations":[{"start":{"line":132,"column":54},"end":{"line":132,"column":73}},{"start":{"line":132,"column":71},"end":{"line":132,"column":73}}]},"17":{"loc":{"start":{"line":136,"column":6},"end":{"line":139,"column":7}},"type":"if","locations":[{"start":{"line":136,"column":6},"end":{"line":139,"column":7}},{"start":{},"end":{}}]},"18":{"loc":{"start":{"line":138,"column":47},"end":{"line":138,"column":85}},"type":"binary-expr","locations":[{"start":{"line":138,"column":47},"end":{"line":138,"column":58}},{"start":{"line":138,"column":62},"end":{"line":138,"column":85}}]},"19":{"loc":{"start":{"line":141,"column":6},"end":{"line":144,"column":7}},"type":"if","locations":[{"start":{"line":141,"column":6},"end":{"line":144,"column":7}},{"start":{},"end":{}}]},"20":{"loc":{"start":{"line":164,"column":4},"end":{"line":164,"column":82}},"type":"if","locations":[{"start":{"line":164,"column":4},"end":{"line":164,"column":82}},{"start":{},"end":{}}]},"21":{"loc":{"start":{"line":174,"column":4},"end":{"line":174,"column":82}},"type":"if","locations":[{"start":{"line":174,"column":4},"end":{"line":174,"column":82}},{"start":{},"end":{}}]},"22":{"loc":{"start":{"line":175,"column":4},"end":{"line":177,"column":5}},"type":"if","locations":[{"start":{"line":175,"column":4},"end":{"line":177,"column":5}},{"start":{},"end":{}}]},"23":{"loc":{"start":{"line":189,"column":4},"end":{"line":189,"column":82}},"type":"if","locations":[{"start":{"line":189,"column":4},"end":{"line":189,"column":82}},{"start":{},"end":{}}]},"24":{"loc":{"start":{"line":190,"column":4},"end":{"line":192,"column":5}},"type":"if","locations":[{"start":{"line":190,"column":4},"end":{"line":192,"column":5}},{"start":{},"end":{}}]},"25":{"loc":{"start":{"line":203,"column":4},"end":{"line":205,"column":5}},"type":"if","locations":[{"start":{"line":203,"column":4},"end":{"line":205,"column":5}},{"start":{},"end":{}}]},"26":{"loc":{"start":{"line":203,"column":8},"end":{"line":203,"column":47}},"type":"binary-expr","locations":[{"start":{"line":203,"column":8},"end":{"line":203,"column":27}},{"start":{"line":203,"column":31},"end":{"line":203,"column":47}}]},"27":{"loc":{"start":{"line":213,"column":6},"end":{"line":215,"column":7}},"type":"if","locations":[{"start":{"line":213,"column":6},"end":{"line":215,"column":7}},{"start":{},"end":{}}]},"28":{"loc":{"start":{"line":216,"column":6},"end":{"line":218,"column":7}},"type":"if","locations":[{"start":{"line":216,"column":6},"end":{"line":218,"column":7}},{"start":{},"end":{}}]},"29":{"loc":{"start":{"line":230,"column":4},"end":{"line":232,"column":5}},"type":"if","locations":[{"start":{"line":230,"column":4},"end":{"line":232,"column":5}},{"start":{},"end":{}}]},"30":{"loc":{"start":{"line":235,"column":4},"end":{"line":235,"column":67}},"type":"if","locations":[{"start":{"line":235,"column":4},"end":{"line":235,"column":67}},{"start":{},"end":{}}]},"31":{"loc":{"start":{"line":245,"column":4},"end":{"line":247,"column":5}},"type":"if","locations":[{"start":{"line":245,"column":4},"end":{"line":247,"column":5}},{"start":{},"end":{}}]},"32":{"loc":{"start":{"line":259,"column":4},"end":{"line":259,"column":82}},"type":"if","locations":[{"start":{"line":259,"column":4},"end":{"line":259,"column":82}},{"start":{},"end":{}}]},"33":{"loc":{"start":{"line":260,"column":4},"end":{"line":262,"column":5}},"type":"if","locations":[{"start":{"line":260,"column":4},"end":{"line":262,"column":5}},{"start":{},"end":{}}]},"34":{"loc":{"start":{"line":281,"column":4},"end":{"line":281,"column":82}},"type":"if","locations":[{"start":{"line":281,"column":4},"end":{"line":281,"column":82}},{"start":{},"end":{}}]},"35":{"loc":{"start":{"line":282,"column":4},"end":{"line":284,"column":5}},"type":"if","locations":[{"start":{"line":282,"column":4},"end":{"line":284,"column":5}},{"start":{},"end":{}}]},"36":{"loc":{"start":{"line":286,"column":22},"end":{"line":286,"column":77}},"type":"cond-expr","locations":[{"start":{"line":286,"column":56},"end":{"line":286,"column":63}},{"start":{"line":286,"column":66},"end":{"line":286,"column":77}}]},"37":{"loc":{"start":{"line":306,"column":4},"end":{"line":306,"column":67}},"type":"if","locations":[{"start":{"line":306,"column":4},"end":{"line":306,"column":67}},{"start":{},"end":{}}]},"38":{"loc":{"start":{"line":310,"column":4},"end":{"line":318,"column":5}},"type":"if","locations":[{"start":{"line":310,"column":4},"end":{"line":318,"column":5}},{"start":{},"end":{}}]},"39":{"loc":{"start":{"line":312,"column":6},"end":{"line":316,"column":7}},"type":"if","locations":[{"start":{"line":312,"column":6},"end":{"line":316,"column":7}},{"start":{},"end":{}}]},"40":{"loc":{"start":{"line":333,"column":4},"end":{"line":333,"column":86}},"type":"if","locations":[{"start":{"line":333,"column":4},"end":{"line":333,"column":86}},{"start":{},"end":{}}]},"41":{"loc":{"start":{"line":334,"column":4},"end":{"line":336,"column":5}},"type":"if","locations":[{"start":{"line":334,"column":4},"end":{"line":336,"column":5}},{"start":{},"end":{}}]},"42":{"loc":{"start":{"line":348,"column":4},"end":{"line":348,"column":86}},"type":"if","locations":[{"start":{"line":348,"column":4},"end":{"line":348,"column":86}},{"start":{},"end":{}}]},"43":{"loc":{"start":{"line":349,"column":4},"end":{"line":351,"column":5}},"type":"if","locations":[{"start":{"line":349,"column":4},"end":{"line":351,"column":5}},{"start":{},"end":{}}]},"44":{"loc":{"start":{"line":354,"column":4},"end":{"line":356,"column":5}},"type":"if","locations":[{"start":{"line":354,"column":4},"end":{"line":356,"column":5}},{"start":{},"end":{}}]},"45":{"loc":{"start":{"line":365,"column":4},"end":{"line":365,"column":67}},"type":"if","locations":[{"start":{"line":365,"column":4},"end":{"line":365,"column":67}},{"start":{},"end":{}}]},"46":{"loc":{"start":{"line":383,"column":4},"end":{"line":383,"column":86}},"type":"if","locations":[{"start":{"line":383,"column":4},"end":{"line":383,"column":86}},{"start":{},"end":{}}]},"47":{"loc":{"start":{"line":386,"column":4},"end":{"line":386,"column":86}},"type":"if","locations":[{"start":{"line":386,"column":4},"end":{"line":386,"column":86}},{"start":{},"end":{}}]},"48":{"loc":{"start":{"line":389,"column":4},"end":{"line":389,"column":82}},"type":"if","locations":[{"start":{"line":389,"column":4},"end":{"line":389,"column":82}},{"start":{},"end":{}}]},"49":{"loc":{"start":{"line":390,"column":4},"end":{"line":392,"column":5}},"type":"if","locations":[{"start":{"line":390,"column":4},"end":{"line":392,"column":5}},{"start":{},"end":{}}]},"50":{"loc":{"start":{"line":404,"column":4},"end":{"line":404,"column":74}},"type":"if","locations":[{"start":{"line":404,"column":4},"end":{"line":404,"column":74}},{"start":{},"end":{}}]},"51":{"loc":{"start":{"line":407,"column":4},"end":{"line":407,"column":74}},"type":"if","locations":[{"start":{"line":407,"column":4},"end":{"line":407,"column":74}},{"start":{},"end":{}}]},"52":{"loc":{"start":{"line":410,"column":4},"end":{"line":412,"column":5}},"type":"if","locations":[{"start":{"line":410,"column":4},"end":{"line":412,"column":5}},{"start":{},"end":{}}]},"53":{"loc":{"start":{"line":410,"column":8},"end":{"line":410,"column":52}},"type":"binary-expr","locations":[{"start":{"line":410,"column":8},"end":{"line":410,"column":17}},{"start":{"line":410,"column":21},"end":{"line":410,"column":52}}]},"54":{"loc":{"start":{"line":425,"column":4},"end":{"line":427,"column":5}},"type":"if","locations":[{"start":{"line":425,"column":4},"end":{"line":427,"column":5}},{"start":{},"end":{}}]},"55":{"loc":{"start":{"line":425,"column":8},"end":{"line":425,"column":74}},"type":"binary-expr","locations":[{"start":{"line":425,"column":8},"end":{"line":425,"column":19}},{"start":{"line":425,"column":23},"end":{"line":425,"column":74}}]},"56":{"loc":{"start":{"line":439,"column":4},"end":{"line":441,"column":5}},"type":"if","locations":[{"start":{"line":439,"column":4},"end":{"line":441,"column":5}},{"start":{},"end":{}}]},"57":{"loc":{"start":{"line":439,"column":8},"end":{"line":439,"column":74}},"type":"binary-expr","locations":[{"start":{"line":439,"column":8},"end":{"line":439,"column":19}},{"start":{"line":439,"column":23},"end":{"line":439,"column":74}}]},"58":{"loc":{"start":{"line":453,"column":4},"end":{"line":455,"column":5}},"type":"if","locations":[{"start":{"line":453,"column":4},"end":{"line":455,"column":5}},{"start":{},"end":{}}]},"59":{"loc":{"start":{"line":453,"column":8},"end":{"line":453,"column":56}},"type":"binary-expr","locations":[{"start":{"line":453,"column":8},"end":{"line":453,"column":19}},{"start":{"line":453,"column":23},"end":{"line":453,"column":56}}]},"60":{"loc":{"start":{"line":468,"column":4},"end":{"line":470,"column":5}},"type":"if","locations":[{"start":{"line":468,"column":4},"end":{"line":470,"column":5}},{"start":{},"end":{}}]},"61":{"loc":{"start":{"line":468,"column":8},"end":{"line":468,"column":52}},"type":"binary-expr","locations":[{"start":{"line":468,"column":8},"end":{"line":468,"column":17}},{"start":{"line":468,"column":21},"end":{"line":468,"column":52}}]},"62":{"loc":{"start":{"line":482,"column":4},"end":{"line":484,"column":5}},"type":"if","locations":[{"start":{"line":482,"column":4},"end":{"line":484,"column":5}},{"start":{},"end":{}}]},"63":{"loc":{"start":{"line":482,"column":8},"end":{"line":482,"column":52}},"type":"binary-expr","locations":[{"start":{"line":482,"column":8},"end":{"line":482,"column":17}},{"start":{"line":482,"column":21},"end":{"line":482,"column":52}}]},"64":{"loc":{"start":{"line":496,"column":4},"end":{"line":498,"column":5}},"type":"if","locations":[{"start":{"line":496,"column":4},"end":{"line":498,"column":5}},{"start":{},"end":{}}]},"65":{"loc":{"start":{"line":496,"column":8},"end":{"line":496,"column":52}},"type":"binary-expr","locations":[{"start":{"line":496,"column":8},"end":{"line":496,"column":17}},{"start":{"line":496,"column":21},"end":{"line":496,"column":52}}]},"66":{"loc":{"start":{"line":510,"column":4},"end":{"line":512,"column":5}},"type":"if","locations":[{"start":{"line":510,"column":4},"end":{"line":512,"column":5}},{"start":{},"end":{}}]},"67":{"loc":{"start":{"line":516,"column":4},"end":{"line":518,"column":5}},"type":"if","locations":[{"start":{"line":516,"column":4},"end":{"line":518,"column":5}},{"start":{},"end":{}}]},"68":{"loc":{"start":{"line":516,"column":8},"end":{"line":516,"column":53}},"type":"binary-expr","locations":[{"start":{"line":516,"column":8},"end":{"line":516,"column":19}},{"start":{"line":516,"column":23},"end":{"line":516,"column":53}}]},"69":{"loc":{"start":{"line":521,"column":4},"end":{"line":523,"column":5}},"type":"if","locations":[{"start":{"line":521,"column":4},"end":{"line":523,"column":5}},{"start":{},"end":{}}]},"70":{"loc":{"start":{"line":521,"column":8},"end":{"line":521,"column":52}},"type":"binary-expr","locations":[{"start":{"line":521,"column":8},"end":{"line":521,"column":17}},{"start":{"line":521,"column":21},"end":{"line":521,"column":52}}]},"71":{"loc":{"start":{"line":525,"column":4},"end":{"line":527,"column":5}},"type":"if","locations":[{"start":{"line":525,"column":4},"end":{"line":527,"column":5}},{"start":{},"end":{}}]},"72":{"loc":{"start":{"line":525,"column":8},"end":{"line":525,"column":102}},"type":"binary-expr","locations":[{"start":{"line":525,"column":8},"end":{"line":525,"column":23}},{"start":{"line":525,"column":27},"end":{"line":525,"column":48}},{"start":{"line":525,"column":52},"end":{"line":525,"column":75}},{"start":{"line":525,"column":79},"end":{"line":525,"column":102}}]},"73":{"loc":{"start":{"line":531,"column":26},"end":{"line":531,"column":92}},"type":"cond-expr","locations":[{"start":{"line":531,"column":58},"end":{"line":531,"column":63}},{"start":{"line":531,"column":66},"end":{"line":531,"column":92}}]},"74":{"loc":{"start":{"line":547,"column":4},"end":{"line":549,"column":5}},"type":"if","locations":[{"start":{"line":547,"column":4},"end":{"line":549,"column":5}},{"start":{},"end":{}}]},"75":{"loc":{"start":{"line":553,"column":4},"end":{"line":555,"column":5}},"type":"if","locations":[{"start":{"line":553,"column":4},"end":{"line":555,"column":5}},{"start":{},"end":{}}]},"76":{"loc":{"start":{"line":553,"column":8},"end":{"line":553,"column":53}},"type":"binary-expr","locations":[{"start":{"line":553,"column":8},"end":{"line":553,"column":19}},{"start":{"line":553,"column":23},"end":{"line":553,"column":53}}]},"77":{"loc":{"start":{"line":557,"column":4},"end":{"line":559,"column":5}},"type":"if","locations":[{"start":{"line":557,"column":4},"end":{"line":559,"column":5}},{"start":{},"end":{}}]},"78":{"loc":{"start":{"line":557,"column":8},"end":{"line":557,"column":68}},"type":"binary-expr","locations":[{"start":{"line":557,"column":8},"end":{"line":557,"column":18}},{"start":{"line":557,"column":22},"end":{"line":557,"column":51}},{"start":{"line":557,"column":55},"end":{"line":557,"column":68}}]},"79":{"loc":{"start":{"line":562,"column":4},"end":{"line":564,"column":5}},"type":"if","locations":[{"start":{"line":562,"column":4},"end":{"line":564,"column":5}},{"start":{},"end":{}}]},"80":{"loc":{"start":{"line":562,"column":8},"end":{"line":562,"column":52}},"type":"binary-expr","locations":[{"start":{"line":562,"column":8},"end":{"line":562,"column":17}},{"start":{"line":562,"column":21},"end":{"line":562,"column":52}}]},"81":{"loc":{"start":{"line":566,"column":4},"end":{"line":568,"column":5}},"type":"if","locations":[{"start":{"line":566,"column":4},"end":{"line":568,"column":5}},{"start":{},"end":{}}]},"82":{"loc":{"start":{"line":566,"column":21},"end":{"line":566,"column":48}},"type":"binary-expr","locations":[{"start":{"line":566,"column":21},"end":{"line":566,"column":43}},{"start":{"line":566,"column":47},"end":{"line":566,"column":48}}]},"83":{"loc":{"start":{"line":571,"column":26},"end":{"line":571,"column":92}},"type":"cond-expr","locations":[{"start":{"line":571,"column":58},"end":{"line":571,"column":63}},{"start":{"line":571,"column":66},"end":{"line":571,"column":92}}]},"84":{"loc":{"start":{"line":586,"column":4},"end":{"line":588,"column":5}},"type":"if","locations":[{"start":{"line":586,"column":4},"end":{"line":588,"column":5}},{"start":{},"end":{}}]},"85":{"loc":{"start":{"line":586,"column":8},"end":{"line":586,"column":52}},"type":"binary-expr","locations":[{"start":{"line":586,"column":8},"end":{"line":586,"column":17}},{"start":{"line":586,"column":21},"end":{"line":586,"column":52}}]},"86":{"loc":{"start":{"line":600,"column":4},"end":{"line":602,"column":5}},"type":"if","locations":[{"start":{"line":600,"column":4},"end":{"line":602,"column":5}},{"start":{},"end":{}}]},"87":{"loc":{"start":{"line":600,"column":8},"end":{"line":600,"column":52}},"type":"binary-expr","locations":[{"start":{"line":600,"column":8},"end":{"line":600,"column":17}},{"start":{"line":600,"column":21},"end":{"line":600,"column":52}}]}},"s":{"0":1,"1":1,"2":1,"3":1,"4":1,"5":1,"6":1,"7":1,"8":1,"9":1,"10":1,"11":1,"12":0,"13":0,"14":0,"15":1,"16":0,"17":0,"18":0,"19":0,"20":0,"21":0,"22":57,"23":57,"24":57,"25":3,"26":3,"27":3,"28":1,"29":2,"30":1,"31":1,"32":1,"33":1,"34":57,"35":2,"36":2,"37":2,"38":1,"39":1,"40":1,"41":1,"42":9,"43":1,"44":1,"45":0,"46":0,"47":0,"48":0,"49":1,"50":1,"51":1,"52":1,"53":57,"54":2,"55":2,"56":2,"57":2,"58":1,"59":1,"60":1,"61":1,"62":1,"63":57,"64":1,"65":57,"66":0,"67":0,"68":0,"69":0,"70":0,"71":0,"72":0,"73":0,"74":0,"75":0,"76":0,"77":0,"78":57,"79":1,"80":1,"81":1,"82":57,"83":2,"84":2,"85":2,"86":2,"87":1,"88":1,"89":57,"90":3,"91":3,"92":3,"93":3,"94":3,"95":1,"96":2,"97":1,"98":1,"99":1,"100":57,"101":2,"102":2,"103":2,"104":2,"105":2,"106":0,"107":2,"108":1,"109":1,"110":1,"111":57,"112":3,"113":3,"114":3,"115":3,"116":1,"117":2,"118":3,"119":2,"120":3,"121":0,"122":3,"123":1,"124":1,"125":1,"126":1,"127":57,"128":2,"129":2,"130":2,"131":2,"132":1,"133":1,"134":1,"135":0,"136":1,"137":1,"138":57,"139":2,"140":2,"141":2,"142":2,"143":1,"144":1,"145":1,"146":57,"147":2,"148":2,"149":2,"150":2,"151":2,"152":0,"153":2,"154":1,"155":1,"156":1,"157":57,"158":1,"159":1,"160":1,"161":1,"162":57,"163":2,"164":2,"165":2,"166":2,"167":2,"168":0,"169":2,"170":0,"171":2,"172":2,"173":2,"174":57,"175":1,"176":1,"177":1,"178":1,"179":57,"180":3,"181":3,"182":3,"183":3,"184":3,"185":3,"186":3,"187":0,"188":3,"189":3,"190":2,"191":1,"192":1,"193":1,"194":1,"195":1,"196":1,"197":1,"198":57,"199":3,"200":3,"201":3,"202":3,"203":3,"204":1,"205":2,"206":1,"207":1,"208":1,"209":57,"210":2,"211":2,"212":2,"213":2,"214":2,"215":0,"216":2,"217":0,"218":2,"219":2,"220":1,"221":1,"222":1,"223":57,"224":1,"225":1,"226":1,"227":0,"228":1,"229":1,"230":57,"231":1,"232":1,"233":1,"234":1,"235":57,"236":3,"237":3,"238":3,"239":3,"240":3,"241":3,"242":1,"243":2,"244":2,"245":0,"246":2,"247":2,"248":0,"249":2,"250":1,"251":1,"252":1,"253":57,"254":3,"255":3,"256":3,"257":3,"258":3,"259":1,"260":2,"261":2,"262":0,"263":2,"264":2,"265":1,"266":1,"267":1,"268":57,"269":2,"270":2,"271":2,"272":2,"273":2,"274":1,"275":1,"276":1,"277":57,"278":1,"279":1,"280":1,"281":1,"282":1,"283":0,"284":1,"285":1,"286":57,"287":2,"288":2,"289":2,"290":2,"291":2,"292":1,"293":1,"294":1,"295":57,"296":2,"297":2,"298":2,"299":2,"300":2,"301":1,"302":1,"303":1,"304":57,"305":1,"306":1,"307":1,"308":1,"309":1,"310":0,"311":1,"312":1,"313":57,"314":1,"315":1,"316":1,"317":1,"318":1,"319":0,"320":1,"321":1,"322":57,"323":4,"324":4,"325":4,"326":4,"327":1,"328":3,"329":3,"330":1,"331":2,"332":2,"333":0,"334":2,"335":1,"336":1,"337":1,"338":1,"339":1,"340":57,"341":3,"342":3,"343":3,"344":3,"345":0,"346":3,"347":3,"348":0,"349":3,"350":1,"351":2,"352":2,"353":0,"354":2,"355":1,"356":1,"357":1,"358":1,"359":57,"360":2,"361":2,"362":2,"363":2,"364":2,"365":1,"366":1,"367":1,"368":57,"369":1,"370":1,"371":1,"372":1,"373":1,"374":1,"375":0,"376":1,"377":1,"378":57},"f":{"0":0,"1":0,"2":0,"3":57,"4":3,"5":3,"6":2,"7":2,"8":0,"9":2,"10":2,"11":1,"12":0,"13":0,"14":1,"15":1,"16":2,"17":2,"18":3,"19":3,"20":2,"21":2,"22":3,"23":3,"24":3,"25":1,"26":2,"27":2,"28":2,"29":2,"30":2,"31":2,"32":1,"33":1,"34":2,"35":2,"36":1,"37":1,"38":3,"39":3,"40":3,"41":3,"42":2,"43":2,"44":1,"45":1,"46":1,"47":1,"48":3,"49":3,"50":3,"51":3,"52":2,"53":2,"54":1,"55":1,"56":2,"57":2,"58":2,"59":2,"60":1,"61":1,"62":1,"63":1,"64":4,"65":4,"66":3,"67":3,"68":2,"69":2,"70":1,"71":1},"b":{"0":[0,0],"1":[0,0],"2":[1,2],"3":[1,1],"4":[1,1],"5":[2,1,1],"6":[1,8],"7":[0,1],"8":[0,0],"9":[0,0],"10":[0,0],"11":[0,0],"12":[0,0],"13":[1,1],"14":[0,0],"15":[0,0],"16":[0,0],"17":[0,0],"18":[0,0],"19":[0,0],"20":[1,1],"21":[1,2],"22":[1,1],"23":[0,2],"24":[1,1],"25":[1,2],"26":[3,3],"27":[0,3],"28":[1,2],"29":[1,1],"30":[0,1],"31":[1,1],"32":[0,2],"33":[1,1],"34":[0,2],"35":[0,2],"36":[1,1],"37":[0,3],"38":[2,1],"39":[1,1],"40":[1,2],"41":[1,1],"42":[0,2],"43":[0,2],"44":[1,1],"45":[0,1],"46":[1,2],"47":[0,2],"48":[0,2],"49":[1,1],"50":[1,2],"51":[0,2],"52":[1,1],"53":[2,2],"54":[1,1],"55":[2,2],"56":[0,1],"57":[1,1],"58":[1,1],"59":[2,2],"60":[1,1],"61":[2,2],"62":[0,1],"63":[1,1],"64":[0,1],"65":[1,1],"66":[1,3],"67":[1,2],"68":[3,2],"69":[0,2],"70":[2,2],"71":[1,1],"72":[2,2,1,1],"73":[0,1],"74":[0,3],"75":[0,3],"76":[3,3],"77":[1,2],"78":[3,2,2],"79":[0,2],"80":[2,2],"81":[1,1],"82":[2,0],"83":[0,1],"84":[1,1],"85":[2,2],"86":[0,1],"87":[1,1]}}
,"/home/runner/workspace/server/storage.ts": {"path":"/home/runner/workspace/server/storage.ts","statementMap":{"0":{"start":{"line":1,"column":0},"end":{"line":1,"column":null}},"1":{"start":{"line":12,"column":0},"end":{"line":12,"column":26}},"2":{"start":{"line":13,"column":0},"end":{"line":13,"column":57}},"3":{"start":{"line":95,"column":19},"end":{"line":95,"column":72}},"4":{"start":{"line":96,"column":4},"end":{"line":96,"column":16}},"5":{"start":{"line":100,"column":19},"end":{"line":100,"column":84}},"6":{"start":{"line":101,"column":4},"end":{"line":101,"column":16}},"7":{"start":{"line":105,"column":19},"end":{"line":105,"column":84}},"8":{"start":{"line":106,"column":4},"end":{"line":106,"column":16}},"9":{"start":{"line":110,"column":19},"end":{"line":110,"column":72}},"10":{"start":{"line":111,"column":4},"end":{"line":111,"column":16}},"11":{"start":{"line":115,"column":4},"end":{"line":119,"column":5}},"12":{"start":{"line":116,"column":23},"end":{"line":116,"column":45}},"13":{"start":{"line":117,"column":6},"end":{"line":117,"column":55}},"14":{"start":{"line":117,"column":21},"end":{"line":117,"column":55}},"15":{"start":{"line":118,"column":6},"end":{"line":118,"column":22}},"16":{"start":{"line":120,"column":19},"end":{"line":120,"column":89}},"17":{"start":{"line":121,"column":4},"end":{"line":121,"column":16}},"18":{"start":{"line":125,"column":23},"end":{"line":125,"column":86}},"19":{"start":{"line":126,"column":4},"end":{"line":126,"column":20}},"20":{"start":{"line":130,"column":4},"end":{"line":130,"column":46}},"21":{"start":{"line":134,"column":4},"end":{"line":134,"column":88}},"22":{"start":{"line":138,"column":4},"end":{"line":138,"column":88}},"23":{"start":{"line":142,"column":23},"end":{"line":142,"column":85}},"24":{"start":{"line":143,"column":4},"end":{"line":143,"column":20}},"25":{"start":{"line":148,"column":59},"end":{"line":148,"column":108}},"26":{"start":{"line":148,"column":39},"end":{"line":148,"column":44}},"27":{"start":{"line":148,"column":54},"end":{"line":148,"column":59}},"28":{"start":{"line":151,"column":23},"end":{"line":154,"column":47}},"29":{"start":{"line":155,"column":4},"end":{"line":155,"column":20}},"30":{"start":{"line":159,"column":4},"end":{"line":159,"column":61}},"31":{"start":{"line":163,"column":4},"end":{"line":163,"column":33}},"32":{"start":{"line":163,"column":26},"end":{"line":163,"column":33}},"33":{"start":{"line":164,"column":4},"end":{"line":164,"column":67}},"34":{"start":{"line":168,"column":25},"end":{"line":169,"column":null}},"35":{"start":{"line":171,"column":4},"end":{"line":171,"column":22}},"36":{"start":{"line":176,"column":4},"end":{"line":181,"column":9}},"37":{"start":{"line":185,"column":25},"end":{"line":185,"column":90}},"38":{"start":{"line":186,"column":4},"end":{"line":186,"column":22}},"39":{"start":{"line":190,"column":25},"end":{"line":190,"column":90}},"40":{"start":{"line":191,"column":4},"end":{"line":191,"column":22}},"41":{"start":{"line":196,"column":4},"end":{"line":211,"column":5}},"42":{"start":{"line":197,"column":6},"end":{"line":203,"column":11}},"43":{"start":{"line":205,"column":6},"end":{"line":210,"column":11}},"44":{"start":{"line":216,"column":40},"end":{"line":216,"column":46}},"45":{"start":{"line":216,"column":35},"end":{"line":216,"column":40}},"46":{"start":{"line":218,"column":25},"end":{"line":218,"column":111}},"47":{"start":{"line":219,"column":4},"end":{"line":219,"column":22}},"48":{"start":{"line":224,"column":25},"end":{"line":227,"column":18}},"49":{"start":{"line":228,"column":4},"end":{"line":228,"column":22}},"50":{"start":{"line":232,"column":4},"end":{"line":236,"column":9}},"51":{"start":{"line":240,"column":24},"end":{"line":242,"column":59}},"52":{"start":{"line":243,"column":4},"end":{"line":243,"column":42}},"53":{"start":{"line":243,"column":32},"end":{"line":243,"column":40}},"54":{"start":{"line":247,"column":21},"end":{"line":253,"column":15}},"55":{"start":{"line":254,"column":4},"end":{"line":254,"column":20}},"56":{"start":{"line":259,"column":29},"end":{"line":261,"column":52}},"57":{"start":{"line":263,"column":28},"end":{"line":270,"column":35}},"58":{"start":{"line":272,"column":18},"end":{"line":272,"column":49}},"59":{"start":{"line":274,"column":4},"end":{"line":278,"column":8}},"60":{"start":{"line":274,"column":37},"end":{"line":278,"column":6}},"61":{"start":{"line":282,"column":19},"end":{"line":289,"column":35}},"62":{"start":{"line":291,"column":4},"end":{"line":291,"column":18}},"63":{"start":{"line":296,"column":19},"end":{"line":296,"column":72}},"64":{"start":{"line":297,"column":4},"end":{"line":297,"column":16}},"65":{"start":{"line":301,"column":4},"end":{"line":301,"column":81}},"66":{"start":{"line":305,"column":19},"end":{"line":305,"column":76}},"67":{"start":{"line":306,"column":4},"end":{"line":306,"column":16}},"68":{"start":{"line":311,"column":19},"end":{"line":311,"column":72}},"69":{"start":{"line":312,"column":4},"end":{"line":312,"column":16}},"70":{"start":{"line":316,"column":4},"end":{"line":316,"column":73}},"71":{"start":{"line":320,"column":19},"end":{"line":320,"column":76}},"72":{"start":{"line":321,"column":4},"end":{"line":321,"column":16}},"73":{"start":{"line":325,"column":4},"end":{"line":325,"column":59}},"74":{"start":{"line":330,"column":25},"end":{"line":330,"column":90}},"75":{"start":{"line":331,"column":4},"end":{"line":331,"column":22}},"76":{"start":{"line":335,"column":25},"end":{"line":335,"column":90}},"77":{"start":{"line":336,"column":4},"end":{"line":336,"column":22}},"78":{"start":{"line":340,"column":4},"end":{"line":340,"column":97}},"79":{"start":{"line":349,"column":25},"end":{"line":352,"column":18}},"80":{"start":{"line":353,"column":4},"end":{"line":353,"column":22}},"81":{"start":{"line":359,"column":21},"end":{"line":359,"column":47}},"82":{"start":{"line":360,"column":4},"end":{"line":360,"column":36}},"83":{"start":{"line":360,"column":19},"end":{"line":360,"column":36}},"84":{"start":{"line":363,"column":22},"end":{"line":366,"column":32}},"85":{"start":{"line":369,"column":44},"end":{"line":376,"column":null}},"86":{"start":{"line":370,"column":35},"end":{"line":376,"column":8}},"87":{"start":{"line":371,"column":26},"end":{"line":374,"column":39}},"88":{"start":{"line":375,"column":8},"end":{"line":375,"column":45}},"89":{"start":{"line":379,"column":4},"end":{"line":379,"column":50}},"90":{"start":{"line":385,"column":28},"end":{"line":390,"column":8}},"91":{"start":{"line":393,"column":21},"end":{"line":402,"column":null}},"92":{"start":{"line":394,"column":47},"end":{"line":402,"column":8}},"93":{"start":{"line":395,"column":21},"end":{"line":395,"column":72}},"94":{"start":{"line":396,"column":8},"end":{"line":401,"column":10}},"95":{"start":{"line":405,"column":4},"end":{"line":405,"column":20}},"96":{"start":{"line":410,"column":26},"end":{"line":415,"column":8}},"97":{"start":{"line":416,"column":26},"end":{"line":416,"column":57}},"98":{"start":{"line":419,"column":28},"end":{"line":425,"column":8}},"99":{"start":{"line":427,"column":23},"end":{"line":447,"column":null}},"100":{"start":{"line":428,"column":47},"end":{"line":447,"column":8}},"101":{"start":{"line":429,"column":21},"end":{"line":429,"column":72}},"102":{"start":{"line":430,"column":8},"end":{"line":430,"column":31}},"103":{"start":{"line":430,"column":19},"end":{"line":430,"column":31}},"104":{"start":{"line":431,"column":8},"end":{"line":446,"column":10}},"105":{"start":{"line":450,"column":4},"end":{"line":450,"column":69}},"106":{"start":{"line":454,"column":25},"end":{"line":457,"column":18}},"107":{"start":{"line":458,"column":4},"end":{"line":458,"column":22}},"108":{"start":{"line":472,"column":32},"end":{"line":477,"column":8}},"109":{"start":{"line":479,"column":28},"end":{"line":479,"column":54}},"110":{"start":{"line":480,"column":30},"end":{"line":480,"column":94}},"111":{"start":{"line":480,"column":62},"end":{"line":480,"column":86}},"112":{"start":{"line":481,"column":27},"end":{"line":481,"column":108}},"113":{"start":{"line":484,"column":26},"end":{"line":487,"column":32}},"114":{"start":{"line":490,"column":120},"end":{"line":490,"column":122}},"115":{"start":{"line":491,"column":4},"end":{"line":505,"column":5}},"116":{"start":{"line":492,"column":24},"end":{"line":495,"column":37}},"117":{"start":{"line":496,"column":6},"end":{"line":504,"column":7}},"118":{"start":{"line":497,"column":8},"end":{"line":503,"column":11}},"119":{"start":{"line":507,"column":23},"end":{"line":507,"column":38}},"120":{"start":{"line":510,"column":27},"end":{"line":510,"column":28}},"121":{"start":{"line":511,"column":52},"end":{"line":511,"column":54}},"122":{"start":{"line":512,"column":58},"end":{"line":512,"column":60}},"123":{"start":{"line":513,"column":57},"end":{"line":513,"column":59}},"124":{"start":{"line":516,"column":4},"end":{"line":519,"column":5}},"125":{"start":{"line":517,"column":6},"end":{"line":517,"column":38}},"126":{"start":{"line":518,"column":6},"end":{"line":518,"column":43}},"127":{"start":{"line":520,"column":4},"end":{"line":522,"column":5}},"128":{"start":{"line":521,"column":6},"end":{"line":521,"column":44}},"129":{"start":{"line":525,"column":4},"end":{"line":561,"column":5}},"130":{"start":{"line":526,"column":31},"end":{"line":526,"column":74}},"131":{"start":{"line":527,"column":29},"end":{"line":527,"column":52}},"132":{"start":{"line":530,"column":22},"end":{"line":530,"column":73}},"133":{"start":{"line":531,"column":26},"end":{"line":531,"column":76}},"134":{"start":{"line":534,"column":23},"end":{"line":534,"column":79}},"135":{"start":{"line":535,"column":6},"end":{"line":535,"column":35}},"136":{"start":{"line":538,"column":6},"end":{"line":542,"column":7}},"137":{"start":{"line":539,"column":8},"end":{"line":541,"column":9}},"138":{"start":{"line":540,"column":10},"end":{"line":540,"column":41}},"139":{"start":{"line":545,"column":31},"end":{"line":545,"column":56}},"140":{"start":{"line":546,"column":6},"end":{"line":553,"column":7}},"141":{"start":{"line":547,"column":26},"end":{"line":547,"column":74}},"142":{"start":{"line":547,"column":47},"end":{"line":547,"column":73}},"143":{"start":{"line":548,"column":33},"end":{"line":548,"column":84}},"144":{"start":{"line":548,"column":53},"end":{"line":548,"column":83}},"145":{"start":{"line":550,"column":8},"end":{"line":552,"column":9}},"146":{"start":{"line":551,"column":10},"end":{"line":551,"column":40}},"147":{"start":{"line":557,"column":26},"end":{"line":557,"column":58}},"148":{"start":{"line":558,"column":6},"end":{"line":560,"column":7}},"149":{"start":{"line":559,"column":8},"end":{"line":559,"column":59}},"150":{"start":{"line":563,"column":28},"end":{"line":563,"column":100}},"151":{"start":{"line":566,"column":22},"end":{"line":572,"column":7}},"152":{"start":{"line":566,"column":49},"end":{"line":572,"column":6}},"153":{"start":{"line":575,"column":24},"end":{"line":592,"column":6}},"154":{"start":{"line":576,"column":30},"end":{"line":576,"column":63}},"155":{"start":{"line":577,"column":37},"end":{"line":579,"column":25}},"156":{"start":{"line":581,"column":26},"end":{"line":583,"column":11}},"157":{"start":{"line":585,"column":6},"end":{"line":591,"column":8}},"158":{"start":{"line":595,"column":32},"end":{"line":595,"column":74}},"159":{"start":{"line":595,"column":56},"end":{"line":595,"column":73}},"160":{"start":{"line":596,"column":27},"end":{"line":598,"column":12}},"161":{"start":{"line":597,"column":47},"end":{"line":597,"column":88}},"162":{"start":{"line":600,"column":4},"end":{"line":612,"column":6}},"163":{"start":{"line":616,"column":19},"end":{"line":620,"column":18}},"164":{"start":{"line":621,"column":4},"end":{"line":621,"column":16}},"165":{"start":{"line":625,"column":4},"end":{"line":625,"column":55}},"166":{"start":{"line":630,"column":4},"end":{"line":630,"column":67}},"167":{"start":{"line":634,"column":4},"end":{"line":638,"column":44}},"168":{"start":{"line":642,"column":26},"end":{"line":645,"column":18}},"169":{"start":{"line":646,"column":4},"end":{"line":646,"column":23}},"170":{"start":{"line":650,"column":4},"end":{"line":650,"column":81}},"171":{"start":{"line":93,"column":0},"end":{"line":93,"column":13}},"172":{"start":{"line":654,"column":13},"end":{"line":654,"column":45}}},"fnMap":{"0":{"name":"(anonymous_8)","decl":{"start":{"line":94,"column":8},"end":{"line":94,"column":15}},"loc":{"start":{"line":94,"column":26},"end":{"line":97,"column":null}}},"1":{"name":"(anonymous_10)","decl":{"start":{"line":99,"column":8},"end":{"line":99,"column":25}},"loc":{"start":{"line":99,"column":42},"end":{"line":102,"column":null}}},"2":{"name":"(anonymous_12)","decl":{"start":{"line":104,"column":8},"end":{"line":104,"column":25}},"loc":{"start":{"line":104,"column":42},"end":{"line":107,"column":null}}},"3":{"name":"(anonymous_14)","decl":{"start":{"line":109,"column":8},"end":{"line":109,"column":18}},"loc":{"start":{"line":109,"column":41},"end":{"line":112,"column":null}}},"4":{"name":"(anonymous_16)","decl":{"start":{"line":114,"column":8},"end":{"line":114,"column":18}},"loc":{"start":{"line":114,"column":52},"end":{"line":122,"column":null}}},"5":{"name":"(anonymous_18)","decl":{"start":{"line":124,"column":8},"end":{"line":124,"column":19}},"loc":{"start":{"line":124,"column":30},"end":{"line":127,"column":null}}},"6":{"name":"(anonymous_20)","decl":{"start":{"line":129,"column":8},"end":{"line":129,"column":22}},"loc":{"start":{"line":129,"column":22},"end":{"line":131,"column":null}}},"7":{"name":"(anonymous_22)","decl":{"start":{"line":133,"column":8},"end":{"line":133,"column":31}},"loc":{"start":{"line":133,"column":31},"end":{"line":135,"column":null}}},"8":{"name":"(anonymous_24)","decl":{"start":{"line":137,"column":8},"end":{"line":137,"column":30}},"loc":{"start":{"line":137,"column":47},"end":{"line":139,"column":null}}},"9":{"name":"(anonymous_26)","decl":{"start":{"line":141,"column":8},"end":{"line":141,"column":22}},"loc":{"start":{"line":141,"column":53},"end":{"line":144,"column":null}}},"10":{"name":"(anonymous_28)","decl":{"start":{"line":146,"column":8},"end":{"line":146,"column":22}},"loc":{"start":{"line":146,"column":60},"end":{"line":156,"column":null}}},"11":{"name":"(anonymous_30)","decl":{"start":{"line":158,"column":8},"end":{"line":158,"column":22}},"loc":{"start":{"line":158,"column":33},"end":{"line":160,"column":null}}},"12":{"name":"(anonymous_32)","decl":{"start":{"line":162,"column":8},"end":{"line":162,"column":29}},"loc":{"start":{"line":162,"column":43},"end":{"line":165,"column":null}}},"13":{"name":"(anonymous_34)","decl":{"start":{"line":167,"column":8},"end":{"line":167,"column":21}},"loc":{"start":{"line":167,"column":59},"end":{"line":172,"column":null}}},"14":{"name":"(anonymous_36)","decl":{"start":{"line":174,"column":8},"end":{"line":174,"column":26}},"loc":{"start":{"line":174,"column":44},"end":{"line":182,"column":null}}},"15":{"name":"(anonymous_38)","decl":{"start":{"line":184,"column":8},"end":{"line":184,"column":25}},"loc":{"start":{"line":184,"column":36},"end":{"line":187,"column":null}}},"16":{"name":"(anonymous_40)","decl":{"start":{"line":189,"column":8},"end":{"line":189,"column":24}},"loc":{"start":{"line":189,"column":59},"end":{"line":192,"column":null}}},"17":{"name":"(anonymous_42)","decl":{"start":{"line":195,"column":8},"end":{"line":195,"column":29}},"loc":{"start":{"line":195,"column":74},"end":{"line":212,"column":null}}},"18":{"name":"(anonymous_44)","decl":{"start":{"line":214,"column":8},"end":{"line":214,"column":24}},"loc":{"start":{"line":214,"column":64},"end":{"line":220,"column":null}}},"19":{"name":"(anonymous_46)","decl":{"start":{"line":223,"column":8},"end":{"line":223,"column":25}},"loc":{"start":{"line":223,"column":62},"end":{"line":229,"column":null}}},"20":{"name":"(anonymous_48)","decl":{"start":{"line":231,"column":8},"end":{"line":231,"column":26}},"loc":{"start":{"line":231,"column":63},"end":{"line":237,"column":null}}},"21":{"name":"(anonymous_50)","decl":{"start":{"line":239,"column":8},"end":{"line":239,"column":25}},"loc":{"start":{"line":239,"column":46},"end":{"line":244,"column":null}}},"22":{"name":"(anonymous_52)","decl":{"start":{"line":243,"column":27},"end":{"line":243,"column":28}},"loc":{"start":{"line":243,"column":32},"end":{"line":243,"column":40}}},"23":{"name":"(anonymous_53)","decl":{"start":{"line":246,"column":8},"end":{"line":246,"column":23}},"loc":{"start":{"line":246,"column":60},"end":{"line":255,"column":null}}},"24":{"name":"(anonymous_55)","decl":{"start":{"line":258,"column":8},"end":{"line":258,"column":30}},"loc":{"start":{"line":258,"column":49},"end":{"line":279,"column":null}}},"25":{"name":"(anonymous_57)","decl":{"start":{"line":274,"column":31},"end":{"line":274,"column":32}},"loc":{"start":{"line":274,"column":37},"end":{"line":278,"column":6}}},"26":{"name":"(anonymous_58)","decl":{"start":{"line":281,"column":8},"end":{"line":281,"column":33}},"loc":{"start":{"line":281,"column":52},"end":{"line":292,"column":null}}},"27":{"name":"(anonymous_60)","decl":{"start":{"line":295,"column":8},"end":{"line":295,"column":18}},"loc":{"start":{"line":295,"column":41},"end":{"line":298,"column":null}}},"28":{"name":"(anonymous_62)","decl":{"start":{"line":300,"column":8},"end":{"line":300,"column":28}},"loc":{"start":{"line":300,"column":47},"
[...]
,"/home/runner/workspace/server/utils/markdownToHtml.ts": {"path":"/home/runner/workspace/server/utils/markdownToHtml.ts","statementMap":{"0":{"start":{"line":5,"column":0},"end":{"line":5,"column":16}},"1":{"start":{"line":6,"column":2},"end":{"line":6,"column":25}},"2":{"start":{"line":6,"column":13},"end":{"line":6,"column":25}},"3":{"start":{"line":11,"column":2},"end":{"line":13,"column":3}},"4":{"start":{"line":12,"column":4},"end":{"line":12,"column":16}},"5":{"start":{"line":15,"column":16},"end":{"line":15,"column":32}},"6":{"start":{"line":16,"column":27},"end":{"line":16,"column":29}},"7":{"start":{"line":17,"column":67},"end":{"line":17,"column":71}},"8":{"start":{"line":19,"column":20},"end":{"line":27,"column":3}},"9":{"start":{"line":20,"column":4},"end":{"line":26,"column":5}},"10":{"start":{"line":21,"column":18},"end":{"line":21,"column":34}},"11":{"start":{"line":23,"column":20},"end":{"line":23,"column":85}},"12":{"start":{"line":23,"column":50},"end":{"line":23,"column":75}},"13":{"start":{"line":24,"column":6},"end":{"line":24,"column":47}},"14":{"start":{"line":25,"column":6},"end":{"line":25,"column":25}},"15":{"start":{"line":29,"column":2},"end":{"line":63,"column":3}},"16":{"start":{"line":30,"column":20},"end":{"line":30,"column":31}},"17":{"start":{"line":33,"column":4},"end":{"line":36,"column":5}},"18":{"start":{"line":34,"column":6},"end":{"line":34,"column":18}},"19":{"start":{"line":35,"column":6},"end":{"line":35,"column":15}},"20":{"start":{"line":39,"column":26},"end":{"line":39,"column":61}},"21":{"start":{"line":40,"column":4},"end":{"line":47,"column":5}},"22":{"start":{"line":41,"column":6},"end":{"line":44,"column":7}},"23":{"start":{"line":42,"column":8},"end":{"line":42,"column":20}},"24":{"start":{"line":43,"column":8},"end":{"line":43,"column":48}},"25":{"start":{"line":45,"column":6},"end":{"line":45,"column":47}},"26":{"start":{"line":46,"column":6},"end":{"line":46,"column":15}},"27":{"start":{"line":50,"column":24},"end":{"line":50,"column":55}},"28":{"start":{"line":51,"column":4},"end":{"line":58,"column":5}},"29":{"start":{"line":52,"column":6},"end":{"line":55,"column":7}},"30":{"start":{"line":53,"column":8},"end":{"line":53,"column":20}},"31":{"start":{"line":54,"column":8},"end":{"line":54,"column":48}},"32":{"start":{"line":56,"column":6},"end":{"line":56,"column":45}},"33":{"start":{"line":57,"column":6},"end":{"line":57,"column":15}},"34":{"start":{"line":61,"column":4},"end":{"line":61,"column":16}},"35":{"start":{"line":62,"column":4},"end":{"line":62,"column":37}},"36":{"start":{"line":66,"column":2},"end":{"line":66,"column":14}},"37":{"start":{"line":68,"column":2},"end":{"line":68,"column":25}}},"fnMap":{"0":{"name":"markdownToHtml","decl":{"start":{"line":5,"column":16},"end":{"line":5,"column":30}},"loc":{"start":{"line":5,"column":62},"end":{"line":69,"column":1}}},"1":{"name":"(anonymous_1)","decl":{"start":{"line":19,"column":20},"end":{"line":19,"column":23}},"loc":{"start":{"line":19,"column":25},"end":{"line":27,"column":3}}},"2":{"name":"(anonymous_2)","decl":{"start":{"line":23,"column":42},"end":{"line":23,"column":46}},"loc":{"start":{"line":23,"column":50},"end":{"line":23,"column":75}}}},"branchMap":{"0":{"loc":{"start":{"line":6,"column":2},"end":{"line":6,"column":25}},"type":"if","locations":[{"start":{"line":6,"column":2},"end":{"line":6,"column":25}},{"start":{},"end":{}}]},"1":{"loc":{"start":{"line":11,"column":2},"end":{"line":13,"column":3}},"type":"if","locations":[{"start":{"line":11,"column":2},"end":{"line":13,"column":3}},{"start":{},"end":{}}]},"2":{"loc":{"start":{"line":20,"column":4},"end":{"line":26,"column":5}},"type":"if","locations":[{"start":{"line":20,"column":4},"end":{"line":26,"column":5}},{"start":{},"end":{}}]},"3":{"loc":{"start":{"line":33,"column":4},"end":{"line":36,"column":5}},"type":"if","locations":[{"start":{"line":33,"column":4},"end":{"line":36,"column":5}},{"start":{},"end":{}}]},"4":{"loc":{"start":{"line":40,"column":4},"end":{"line":47,"column":5}},"type":"if","locations":[{"start":{"line":40,"column":4},"end":{"line":47,"column":5}},{"start":{},"end":{}}]},"5":{"loc":{"start":{"line":41,"column":6},"end":{"line":44,"column":7}},"type":"if","locations":[{"start":{"line":41,"column":6},"end":{"line":44,"column":7}},{"start":{},"end":{}}]},"6":{"loc":{"start":{"line":41,"column":10},"end":{"line":41,"column":27}},"type":"cond-expr","locations":[{"start":{"line":41,"column":21},"end":{"line":41,"column":23}},{"start":{"line":41,"column":10},"end":{"line":41,"column":27}}]},"7":{"loc":{"start":{"line":41,"column":10},"end":{"line":41,"column":23}},"type":"binary-expr","locations":[{"start":{"line":41,"column":10},"end":{"line":41,"column":23}},{"start":{"line":41,"column":10},"end":{"line":41,"column":23}}]},"8":{"loc":{"start":{"line":51,"column":4},"end":{"line":58,"column":5}},"type":"if","locations":[{"start":{"line":51,"column":4},"end":{"line":58,"column":5}},{"start":{},"end":{}}]},"9":{"loc":{"start":{"line":52,"column":6},"end":{"line":55,"column":7}},"type":"if","locations":[{"start":{"line":52,"column":6},"end":{"line":55,"column":7}},{"start":{},"end":{}}]},"10":{"loc":{"start":{"line":52,"column":10},"end":{"line":52,"column":27}},"type":"cond-expr","locations":[{"start":{"line":52,"column":21},"end":{"line":52,"column":23}},{"start":{"line":52,"column":10},"end":{"line":52,"column":27}}]},"11":{"loc":{"start":{"line":52,"column":10},"end":{"line":52,"column":23}},"type":"binary-expr","locations":[{"start":{"line":52,"column":10},"end":{"line":52,"column":23}},{"start":{"line":52,"column":10},"end":{"line":52,"column":23}}]}},"s":{"0":1,"1":12,"2":3,"3":9,"4":1,"5":8,"6":8,"7":8,"8":8,"9":22,"10":7,"11":7,"12":16,"13":7,"14":7,"15":8,"16":23,"17":23,"18":3,"19":3,"20":20,"21":20,"22":9,"23":4,"24":4,"25":9,"26":9,"27":11,"28":11,"29":7,"30":3,"31":3,"32":7,"33":7,"34":4,"35":4,"36":8,"37":8},"f":{"0":12,"1":22,"2":16},"b":{"0":[3,9],"1":[1,8],"2":[7,15],"3":[3,20],"4":[9,11],"5":[4,5],"6":[4,5],"7":[9,5],"8":[7,4],"9":[3,4],"10":[3,4],"11":[7,4]}}
,"/home/runner/workspace/server/utils/rateLimitCheck.ts": {"path":"/home/runner/workspace/server/utils/rateLimitCheck.ts","statementMap":{"0":{"start":{"line":17,"column":0},"end":{"line":17,"column":22}},"1":{"start":{"line":71,"column":0},"end":{"line":71,"column":16}},"2":{"start":{"line":1,"column":0},"end":{"line":1,"column":42}},"3":{"start":{"line":2,"column":0},"end":{"line":2,"column":46}},"4":{"start":{"line":13,"column":15},"end":{"line":15,"column":2}},"5":{"start":{"line":18,"column":2},"end":{"line":68,"column":3}},"6":{"start":{"line":21,"column":4},"end":{"line":24,"column":7}},"7":{"start":{"line":27,"column":4},"end":{"line":30,"column":6}},"8":{"start":{"line":34,"column":4},"end":{"line":56,"column":5}},"9":{"start":{"line":35,"column":22},"end":{"line":35,"column":61}},"10":{"start":{"line":37,"column":24},"end":{"line":37,"column":90}},"11":{"start":{"line":38,"column":20},"end":{"line":38,"column":82}},"12":{"start":{"line":39,"column":24},"end":{"line":39,"column":69}},"13":{"start":{"line":42,"column":20},"end":{"line":42,"column":21}},"14":{"start":{"line":43,"column":6},"end":{"line":46,"column":7}},"15":{"start":{"line":44,"column":26},"end":{"line":44,"column":45}},"16":{"start":{"line":45,"column":8},"end":{"line":45,"column":84}},"17":{"start":{"line":48,"column":6},"end":{"line":55,"column":8}},"18":{"start":{"line":59,"column":4},"end":{"line":64,"column":5}},"19":{"start":{"line":60,"column":6},"end":{"line":63,"column":8}},"20":{"start":{"line":67,"column":4},"end":{"line":67,"column":16}},"21":{"start":{"line":73,"column":2},"end":{"line":73,"column":49}},"22":{"start":{"line":73,"column":36},"end":{"line":73,"column":49}},"23":{"start":{"line":74,"column":2},"end":{"line":74,"column":76}},"24":{"start":{"line":74,"column":63},"end":{"line":74,"column":76}},"25":{"start":{"line":75,"column":2},"end":{"line":75,"column":14}}},"fnMap":{"0":{"name":"checkRateLimitStatus","decl":{"start":{"line":17,"column":22},"end":{"line":17,"column":42}},"loc":{"start":{"line":17,"column":42},"end":{"line":69,"column":null}}},"1":{"name":"isRateLimitSufficient","decl":{"start":{"line":71,"column":16},"end":{"line":71,"column":37}},"loc":{"start":{"line":71,"column":61},"end":{"line":76,"column":1}}}},"branchMap":{"0":{"loc":{"start":{"line":34,"column":4},"end":{"line":56,"column":5}},"type":"if","locations":[{"start":{"line":34,"column":4},"end":{"line":56,"column":5}},{"start":{},"end":{}}]},"1":{"loc":{"start":{"line":34,"column":8},"end":{"line":34,"column":45}},"type":"binary-expr","locations":[{"start":{"line":34,"column":8},"end":{"line":34,"column":28}},{"start":{"line":34,"column":32},"end":{"line":34,"column":45}}]},"2":{"loc":{"start":{"line":37,"column":33},"end":{"line":37,"column":89}},"type":"binary-expr","locations":[{"start":{"line":37,"column":33},"end":{"line":37,"column":82}},{"start":{"line":37,"column":86},"end":{"line":37,"column":89}}]},"3":{"loc":{"start":{"line":38,"column":29},"end":{"line":38,"column":81}},"type":"binary-expr","locations":[{"start":{"line":38,"column":29},"end":{"line":38,"column":74}},{"start":{"line":38,"column":78},"end":{"line":38,"column":81}}]},"4":{"loc":{"start":{"line":43,"column":6},"end":{"line":46,"column":7}},"type":"if","locations":[{"start":{"line":43,"column":6},"end":{"line":46,"column":7}},{"start":{},"end":{}}]},"5":{"loc":{"start":{"line":59,"column":4},"end":{"line":64,"column":5}},"type":"if","locations":[{"start":{"line":59,"column":4},"end":{"line":64,"column":5}},{"start":{},"end":{}}]},"6":{"loc":{"start":{"line":73,"column":2},"end":{"line":73,"column":49}},"type":"if","locations":[{"start":{"line":73,"column":2},"end":{"line":73,"column":49}},{"start":{},"end":{}}]},"7":{"loc":{"start":{"line":74,"column":2},"end":{"line":74,"column":76}},"type":"if","locations":[{"start":{"line":74,"column":2},"end":{"line":74,"column":76}},{"start":{},"end":{}}]},"8":{"loc":{"start":{"line":74,"column":6},"end":{"line":74,"column":61}},"type":"binary-expr","locations":[{"start":{"line":74,"column":6},"end":{"line":74,"column":36}},{"start":{"line":74,"column":40},"end":{"line":74,"column":61}}]}},"s":{"0":1,"1":1,"2":1,"3":1,"4":1,"5":4,"6":4,"7":1,"8":3,"9":1,"10":1,"11":1,"12":1,"13":1,"14":1,"15":1,"16":1,"17":1,"18":2,"19":1,"20":1,"21":4,"22":1,"23":3,"24":1,"25":2},"f":{"0":4,"1":4},"b":{"0":[1,2],"1":[3,1],"2":[1,0],"3":[1,0],"4":[1,0],"5":[1,1],"6":[1,3],"7":[1,2],"8":[3,2]}}
,"/home/runner/workspace/server/utils/webSearch.ts": {"path":"/home/runner/workspace/server/utils/webSearch.ts","statementMap":{"0":{"start":{"line":22,"column":0},"end":{"line":22,"column":22}},"1":{"start":{"line":27,"column":0},"end":{"line":27,"column":16}},"2":{"start":{"line":23,"column":2},"end":{"line":23,"column":84}},"3":{"start":{"line":28,"column":2},"end":{"line":28,"column":93}}},"fnMap":{"0":{"name":"searchWeb","decl":{"start":{"line":22,"column":22},"end":{"line":22,"column":31}},"loc":{"start":{"line":22,"column":31},"end":{"line":24,"column":null}}},"1":{"name":"evaluateSourceQuality","decl":{"start":{"line":27,"column":16},"end":{"line":27,"column":37}},"loc":{"start":{"line":27,"column":37},"end":{"line":29,"column":1}}}},"branchMap":{},"s":{"0":1,"1":1,"2":1,"3":1},"f":{"0":1,"1":1},"b":{}}
,"/home/runner/workspace/shared/schema.ts": {"path":"/home/runner/workspace/shared/schema.ts","statementMap":{"0":{"start":{"line":1,"column":0},"end":{"line":1,"column":137}},"1":{"start":{"line":2,"column":0},"end":{"line":2,"column":49}},"2":{"start":{"line":4,"column":0},"end":{"line":4,"column":34}},"3":{"start":{"line":16,"column":13},"end":{"line":26,"column":2}},"4":{"start":{"line":23,"column":13},"end":{"line":25,"column":null}},"5":{"start":{"line":28,"column":13},"end":{"line":47,"column":3}},"6":{"start":{"line":49,"column":13},"end":{"line":64,"column":3}},"7":{"start":{"line":56,"column":49},"end":{"line":56,"column":63}},"8":{"start":{"line":61,"column":14},"end":{"line":64,"column":2}},"9":{"start":{"line":66,"column":13},"end":{"line":78,"column":3}},"10":{"start":{"line":68,"column":49},"end":{"line":68,"column":63}},"11":{"start":{"line":69,"column":54},"end":{"line":69,"column":67}},"12":{"start":{"line":74,"column":14},"end":{"line":78,"column":2}},"13":{"start":{"line":81,"column":13},"end":{"line":91,"column":3}},"14":{"start":{"line":84,"column":22},"end":{"line":84,"column":35}},"15":{"start":{"line":89,"column":14},"end":{"line":91,"column":2}},"16":{"start":{"line":93,"column":13},"end":{"line":110,"column":3}},"17":{"start":{"line":96,"column":22},"end":{"line":96,"column":30}},"18":{"start":{"line":108,"column":14},"end":{"line":110,"column":2}},"19":{"start":{"line":112,"column":13},"end":{"line":130,"column":3}},"20":{"start":{"line":115,"column":22},"end":{"line":115,"column":36}},"21":{"start":{"line":118,"column":22},"end":{"line":118,"column":30}},"22":{"start":{"line":127,"column":14},"end":{"line":130,"column":2}},"23":{"start":{"line":133,"column":13},"end":{"line":145,"column":4}},"24":{"start":{"line":135,"column":22},"end":{"line":135,"column":36}},"25":{"start":{"line":138,"column":22},"end":{"line":138,"column":30}},"26":{"start":{"line":143,"column":15},"end":{"line":145,"column":2}},"27":{"start":{"line":148,"column":13},"end":{"line":159,"column":3}},"28":{"start":{"line":152,"column":22},"end":{"line":152,"column":35}},"29":{"start":{"line":155,"column":22},"end":{"line":155,"column":36}},"30":{"start":{"line":162,"column":13},"end":{"line":173,"column":4}},"31":{"start":{"line":164,"column":22},"end":{"line":164,"column":32}},"32":{"start":{"line":167,"column":22},"end":{"line":167,"column":36}},"33":{"start":{"line":171,"column":15},"end":{"line":173,"column":2}},"34":{"start":{"line":176,"column":13},"end":{"line":186,"column":3}},"35":{"start":{"line":179,"column":22},"end":{"line":179,"column":35}},"36":{"start":{"line":184,"column":14},"end":{"line":186,"column":2}},"37":{"start":{"line":188,"column":13},"end":{"line":188,"column":77}},"38":{"start":{"line":189,"column":13},"end":{"line":195,"column":3}},"39":{"start":{"line":196,"column":13},"end":{"line":196,"column":105}},"40":{"start":{"line":197,"column":13},"end":{"line":197,"column":77}},"41":{"start":{"line":198,"column":13},"end":{"line":198,"column":77}},"42":{"start":{"line":199,"column":13},"end":{"line":202,"column":3}},"43":{"start":{"line":203,"column":13},"end":{"line":205,"column":3}},"44":{"start":{"line":206,"column":13},"end":{"line":209,"column":3}},"45":{"start":{"line":210,"column":13},"end":{"line":212,"column":3}},"46":{"start":{"line":213,"column":13},"end":{"line":213,"column":108}}},"fnMap":{"0":{"name":"(anonymous_0)","decl":{"start":{"line":23,"column":2},"end":{"line":23,"column":3}},"loc":{"start":{"line":23,"column":13},"end":{"line":25,"column":null}}},"1":{"name":"(anonymous_1)","decl":{"start":{"line":56,"column":43},"end":{"line":56,"column":46}},"loc":{"start":{"line":56,"column":49},"end":{"line":56,"column":63}}},"2":{"name":"(anonymous_2)","decl":{"start":{"line":61,"column":3},"end":{"line":61,"column":4}},"loc":{"start":{"line":61,"column":14},"end":{"line":64,"column":2}}},"3":{"name":"(anonymous_3)","decl":{"start":{"line":68,"column":43},"end":{"line":68,"column":46}},"loc":{"start":{"line":68,"column":49},"end":{"line":68,"column":63}}},"4":{"name":"(anonymous_4)","decl":{"start":{"line":69,"column":48},"end":{"line":69,"column":51}},"loc":{"start":{"line":69,"column":54},"end":{"line":69,"column":67}}},"5":{"name":"(anonymous_5)","decl":{"start":{"line":74,"column":3},"end":{"line":74,"column":4}},"loc":{"start":{"line":74,"column":14},"end":{"line":78,"column":2}}},"6":{"name":"(anonymous_6)","decl":{"start":{"line":84,"column":16},"end":{"line":84,"column":19}},"loc":{"start":{"line":84,"column":22},"end":{"line":84,"column":35}}},"7":{"name":"(anonymous_7)","decl":{"start":{"line":89,"column":3},"end":{"line":89,"column":4}},"loc":{"start":{"line":89,"column":14},"end":{"line":91,"column":2}}},"8":{"name":"(anonymous_8)","decl":{"start":{"line":96,"column":16},"end":{"line":96,"column":19}},"loc":{"start":{"line":96,"column":22},"end":{"line":96,"column":30}}},"9":{"name":"(anonymous_9)","decl":{"start":{"line":108,"column":3},"end":{"line":108,"column":4}},"loc":{"start":{"line":108,"column":14},"end":{"line":110,"column":2}}},"10":{"name":"(anonymous_10)","decl":{"start":{"line":115,"column":16},"end":{"line":115,"column":19}},"loc":{"start":{"line":115,"column":22},"end":{"line":115,"column":36}}},"11":{"name":"(anonymous_11)","decl":{"start":{"line":118,"column":16},"end":{"line":118,"column":19}},"loc":{"start":{"line":118,"column":22},"end":{"line":118,"column":30}}},"12":{"name":"(anonymous_12)","decl":{"start":{"line":127,"column":3},"end":{"line":127,"column":4}},"loc":{"start":{"line":127,"column":14},"end":{"line":130,"column":2}}},"13":{"name":"(anonymous_13)","decl":{"start":{"line":135,"column":16},"end":{"line":135,"column":19}},"loc":{"start":{"line":135,"column":22},"end":{"line":135,"column":36}}},"14":{"name":"(anonymous_14)","decl":{"start":{"line":138,"column":16},"end":{"line":138,"column":19}},"loc":{"start":{"line":138,"column":22},"end":{"line":138,"column":30}}},"15":{"name":"(anonymous_15)","decl":{"start":{"line":143,"column":3},"end":{"line":143,"column":4}},"loc":{"start":{"line":143,"column":15},"end":{"line":145,"column":2}}},"16":{"name":"(anonymous_16)","decl":{"start":{"line":152,"column":16},"end":{"line":152,"column":19}},"loc":{"start":{"line":152,"column":22},"end":{"line":152,"column":35}}},"17":{"name":"(anonymous_17)","decl":{"start":{"line":155,"column":16},"end":{"line":155,"column":19}},"loc":{"start":{"line":155,"column":22},"end":{"line":155,"column":36}}},"18":{"name":"(anonymous_18)","decl":{"start":{"line":164,"column":16},"end":{"line":164,"column":19}},"loc":{"start":{"line":164,"column":22},"end":{"line":164,"column":32}}},"19":{"name":"(anonymous_19)","decl":{"start":{"line":167,"column":16},"end":{"line":167,"column":19}},"loc":{"start":{"line":167,"column":22},"end":{"line":167,"column":36}}},"20":{"name":"(anonymous_20)","decl":{"start":{"line":171,"column":3},"end":{"line":171,"column":4}},"loc":{"start":{"line":171,"column":15},"end":{"line":173,"column":2}}},"21":{"name":"(anonymous_21)","decl":{"start":{"line":179,"column":16},"end":{"line":179,"column":19}},"loc":{"start":{"line":179,"column":22},"end":{"line":179,"column":35}}},"22":{"name":"(anonymous_22)","decl":{"start":{"line":184,"column":3},"end":{"line":184,"column":4}},"loc":{"start":{"line":184,"column":14},"end":{"line":186,"column":2}}}},"branchMap":{},"s":{"0":8,"1":8,"2":8,"3":8,"4":0,"5":8,"6":8,"7":0,"8":0,"9":8,"10":0,"11":0,"12":0,"13":8,"14":0,"15":0,"16":8,"17":0,"18":0,"19":8,"20":0,"21":0,"22":0,"23":8,"24":0,"25":0,"26":0,"27":8,"28":0,"29":0,"30":8,"31":0,"32":0,"33":0,"34":8,"35":0,"36":0,"37":8,"38":8,"39":8,"40":8,"41":8,"42":8,"43":8,"44":8,"45":8,"46":8},"f":{"0":0,"1":0,"2":0,"3":0,"4":0,"5":0,"6":0,"7":0,"8":0,"9":0,"10":0,"11":0,"12":0,"13":0,"14":0,"15":0,"16":0,"17":0,"18":0,"19":0,"20":0,"21":0,"22":0},"b":{}}
}
