TN:
SF:server/routes.ts
FN:22,(anonymous_15)
FN:25,(anonymous_16)
FN:36,(anonymous_17)
FN:49,registerRoutes
FN:62,(anonymous_20)
FN:62,(anonymous_21)
FN:80,(anonymous_22)
FN:80,(anonymous_23)
FN:101,(anonymous_24)
FN:111,(anonymous_25)
FN:111,(anonymous_26)
FN:122,(anonymous_27)
FN:131,(anonymous_28)
FN:135,(anonymous_29)
FN:156,(anonymous_30)
FN:156,(anonymous_31)
FN:161,(anonymous_32)
FN:161,(anonymous_33)
FN:168,(anonymous_34)
FN:168,(anonymous_35)
FN:183,(anonymous_36)
FN:183,(anonymous_37)
FN:199,(anonymous_38)
FN:199,(anonymous_39)
FN:209,(anonymous_40)
FN:221,(anonymous_41)
FN:225,(anonymous_42)
FN:225,(anonymous_43)
FN:241,(anonymous_44)
FN:241,(anonymous_45)
FN:254,(anonymous_46)
FN:254,(anonymous_47)
FN:269,(anonymous_48)
FN:269,(anonymous_49)
FN:276,(anonymous_50)
FN:276,(anonymous_51)
FN:292,(anonymous_52)
FN:292,(anonymous_53)
FN:298,(anonymous_54)
FN:298,(anonymous_55)
FN:328,(anonymous_56)
FN:328,(anonymous_57)
FN:343,(anonymous_58)
FN:343,(anonymous_59)
FN:363,(anonymous_60)
FN:363,(anonymous_61)
FN:370,(anonymous_62)
FN:370,(anonymous_63)
FN:376,(anonymous_64)
FN:376,(anonymous_65)
FN:399,(anonymous_66)
FN:399,(anonymous_67)
FN:419,(anonymous_68)
FN:419,(anonymous_69)
FN:433,(anonymous_70)
FN:433,(anonymous_71)
FN:447,(anonymous_72)
FN:447,(anonymous_73)
FN:462,(anonymous_74)
FN:462,(anonymous_75)
FN:476,(anonymous_76)
FN:476,(anonymous_77)
FN:490,(anonymous_78)
FN:490,(anonymous_79)
FN:506,(anonymous_80)
FN:506,(anonymous_81)
FN:543,(anonymous_82)
FN:543,(anonymous_83)
FN:581,(anonymous_84)
FN:581,(anonymous_85)
FN:594,(anonymous_86)
FN:594,(anonymous_87)
FNF:72
FNH:66
FNDA:0,(anonymous_15)
FNDA:0,(anonymous_16)
FNDA:0,(anonymous_17)
FNDA:57,registerRoutes
FNDA:3,(anonymous_20)
FNDA:3,(anonymous_21)
FNDA:2,(anonymous_22)
FNDA:2,(anonymous_23)
FNDA:0,(anonymous_24)
FNDA:2,(anonymous_25)
FNDA:2,(anonymous_26)
FNDA:1,(anonymous_27)
FNDA:0,(anonymous_28)
FNDA:0,(anonymous_29)
FNDA:1,(anonymous_30)
FNDA:1,(anonymous_31)
FNDA:2,(anonymous_32)
FNDA:2,(anonymous_33)
FNDA:3,(anonymous_34)
FNDA:3,(anonymous_35)
FNDA:2,(anonymous_36)
FNDA:2,(anonymous_37)
FNDA:3,(anonymous_38)
FNDA:3,(anonymous_39)
FNDA:3,(anonymous_40)
FNDA:1,(anonymous_41)
FNDA:2,(anonymous_42)
FNDA:2,(anonymous_43)
FNDA:2,(anonymous_44)
FNDA:2,(anonymous_45)
FNDA:2,(anonymous_46)
FNDA:2,(anonymous_47)
FNDA:1,(anonymous_48)
FNDA:1,(anonymous_49)
FNDA:2,(anonymous_50)
FNDA:2,(anonymous_51)
FNDA:1,(anonymous_52)
FNDA:1,(anonymous_53)
FNDA:3,(anonymous_54)
FNDA:3,(anonymous_55)
FNDA:3,(anonymous_56)
FNDA:3,(anonymous_57)
FNDA:2,(anonymous_58)
FNDA:2,(anonymous_59)
FNDA:1,(anonymous_60)
FNDA:1,(anonymous_61)
FNDA:1,(anonymous_62)
FNDA:1,(anonymous_63)
FNDA:3,(anonymous_64)
FNDA:3,(anonymous_65)
FNDA:3,(anonymous_66)
FNDA:3,(anonymous_67)
FNDA:2,(anonymous_68)
FNDA:2,(anonymous_69)
FNDA:1,(anonymous_70)
FNDA:1,(anonymous_71)
FNDA:2,(anonymous_72)
FNDA:2,(anonymous_73)
FNDA:2,(anonymous_74)
FNDA:2,(anonymous_75)
FNDA:1,(anonymous_76)
FNDA:1,(anonymous_77)
FNDA:1,(anonymous_78)
FNDA:1,(anonymous_79)
FNDA:4,(anonymous_80)
FNDA:4,(anonymous_81)
FNDA:3,(anonymous_82)
FNDA:3,(anonymous_83)
FNDA:2,(anonymous_84)
FNDA:2,(anonymous_85)
FNDA:1,(anonymous_86)
FNDA:1,(anonymous_87)
DA:2,1
DA:4,1
DA:5,1
DA:6,1
DA:12,1
DA:13,1
DA:14,1
DA:15,1
DA:17,1
DA:18,1
DA:21,1
DA:23,0
DA:26,0
DA:27,0
DA:31,1
DA:37,0
DA:38,0
DA:39,0
DA:41,0
DA:42,0
DA:44,0
DA:49,1
DA:54,57
DA:57,57
DA:62,57
DA:63,3
DA:64,3
DA:67,2
DA:68,1
DA:75,1
DA:76,1
DA:80,57
DA:81,2
DA:84,2
DA:85,1
DA:88,1
DA:89,1
DA:90,1
DA:91,9
DA:92,1
DA:97,1
DA:98,0
DA:99,0
DA:100,0
DA:101,0
DA:105,1
DA:106,1
DA:107,1
DA:111,57
DA:112,2
DA:113,2
DA:114,2
DA:116,1
DA:117,1
DA:118,1
DA:122,57
DA:123,1
DA:131,57
DA:132,0
DA:133,0
DA:135,0
DA:136,0
DA:137,0
DA:138,0
DA:141,0
DA:142,0
DA:143,0
DA:147,0
DA:148,0
DA:149,0
DA:156,57
DA:157,1
DA:158,1
DA:161,57
DA:162,2
DA:163,2
DA:164,2
DA:165,1
DA:168,57
DA:169,3
DA:170,3
DA:173,3
DA:174,3
DA:175,2
DA:176,1
DA:179,1
DA:180,1
DA:183,57
DA:184,2
DA:185,2
DA:188,2
DA:189,2
DA:190,2
DA:191,1
DA:194,1
DA:195,1
DA:199,57
DA:200,3
DA:201,3
DA:203,3
DA:204,1
DA:208,2
DA:209,3
DA:212,2
DA:213,3
DA:214,0
DA:216,3
DA:217,1
DA:221,1
DA:222,1
DA:225,57
DA:226,2
DA:227,2
DA:230,2
DA:231,1
DA:234,1
DA:235,1
DA:236,1
DA:237,1
DA:241,57
DA:242,2
DA:243,2
DA:245,2
DA:246,1
DA:249,1
DA:250,1
DA:254,57
DA:255,2
DA:256,2
DA:258,2
DA:259,2
DA:260,2
DA:261,1
DA:264,1
DA:265,1
DA:269,57
DA:270,1
DA:271,1
DA:272,1
DA:276,57
DA:277,2
DA:278,2
DA:280,2
DA:281,2
DA:282,2
DA:283,0
DA:286,2
DA:287,2
DA:288,2
DA:292,57
DA:293,1
DA:294,1
DA:295,1
DA:298,57
DA:299,3
DA:300,3
DA:301,3
DA:306,3
DA:309,3
DA:310,3
DA:312,2
DA:313,1
DA:314,1
DA:315,1
DA:317,1
DA:321,1
DA:323,1
DA:324,1
DA:328,57
DA:329,3
DA:330,3
DA:332,3
DA:333,3
DA:334,2
DA:335,1
DA:338,1
DA:339,1
DA:343,57
DA:344,2
DA:345,2
DA:347,2
DA:348,2
DA:349,2
DA:350,0
DA:353,2
DA:354,2
DA:355,1
DA:358,1
DA:359,1
DA:363,57
DA:364,1
DA:365,1
DA:366,1
DA:367,1
DA:370,57
DA:371,1
DA:372,1
DA:373,1
DA:376,57
DA:377,3
DA:378,3
DA:379,3
DA:382,3
DA:383,3
DA:385,2
DA:386,2
DA:388,2
DA:389,2
DA:390,2
DA:391,1
DA:394,1
DA:395,1
DA:399,57
DA:400,3
DA:401,3
DA:403,3
DA:404,3
DA:406,2
DA:407,2
DA:409,2
DA:410,2
DA:411,1
DA:414,1
DA:415,1
DA:419,57
DA:420,2
DA:421,2
DA:424,2
DA:425,2
DA:426,1
DA:429,1
DA:430,1
DA:433,57
DA:434,1
DA:435,1
DA:438,1
DA:439,1
DA:440,0
DA:443,1
DA:444,1
DA:447,57
DA:448,2
DA:449,2
DA:452,2
DA:453,2
DA:454,1
DA:457,1
DA:458,1
DA:462,57
DA:463,2
DA:464,2
DA:467,2
DA:468,2
DA:469,1
DA:472,1
DA:473,1
DA:476,57
DA:477,1
DA:478,1
DA:481,1
DA:482,1
DA:483,0
DA:486,1
DA:487,1
DA:490,57
DA:491,1
DA:492,1
DA:495,1
DA:496,1
DA:497,0
DA:500,1
DA:501,1
DA:506,57
DA:507,4
DA:508,4
DA:510,4
DA:511,1
DA:514,3
DA:516,3
DA:517,1
DA:520,2
DA:521,2
DA:522,0
DA:525,2
DA:526,1
DA:530,1
DA:531,1
DA:533,1
DA:535,1
DA:543,57
DA:544,3
DA:545,3
DA:547,3
DA:548,0
DA:551,3
DA:553,3
DA:554,0
DA:557,3
DA:558,1
DA:561,2
DA:562,2
DA:563,0
DA:566,2
DA:567,1
DA:570,1
DA:571,1
DA:573,1
DA:581,57
DA:582,2
DA:583,2
DA:585,2
DA:586,2
DA:587,1
DA:590,1
DA:591,1
DA:594,57
DA:595,1
DA:596,1
DA:597,1
DA:599,1
DA:600,1
DA:601,0
DA:604,1
DA:609,1
DA:612,57
LF:325
LH:289
BRDA:41,0,0,0
BRDA:41,0,1,0
BRDA:41,1,0,0
BRDA:41,1,1,0
BRDA:64,2,0,1
BRDA:64,2,1,2
BRDA:67,3,0,1
BRDA:67,3,1,1
BRDA:84,4,0,1
BRDA:84,4,1,1
BRDA:84,5,0,2
BRDA:84,5,1,1
BRDA:84,5,2,1
BRDA:91,6,0,1
BRDA:91,6,1,8
BRDA:97,7,0,0
BRDA:97,7,1,1
BRDA:99,8,0,0
BRDA:99,8,1,0
BRDA:99,9,0,0
BRDA:99,9,1,0
BRDA:99,10,0,0
BRDA:99,10,1,0
BRDA:99,11,0,0
BRDA:99,11,1,0
BRDA:99,12,0,0
BRDA:99,12,1,0
BRDA:114,13,0,1
BRDA:114,13,1,1
BRDA:132,14,0,0
BRDA:132,14,1,0
BRDA:132,15,0,0
BRDA:132,15,1,0
BRDA:132,16,0,0
BRDA:132,16,1,0
BRDA:136,17,0,0
BRDA:136,17,1,0
BRDA:138,18,0,0
BRDA:138,18,1,0
BRDA:141,19,0,0
BRDA:141,19,1,0
BRDA:164,20,0,1
BRDA:164,20,1,1
BRDA:174,21,0,1
BRDA:174,21,1,2
BRDA:175,22,0,1
BRDA:175,22,1,1
BRDA:189,23,0,0
BRDA:189,23,1,2
BRDA:190,24,0,1
BRDA:190,24,1,1
BRDA:203,25,0,1
BRDA:203,25,1,2
BRDA:203,26,0,3
BRDA:203,26,1,3
BRDA:213,27,0,0
BRDA:213,27,1,3
BRDA:216,28,0,1
BRDA:216,28,1,2
BRDA:230,29,0,1
BRDA:230,29,1,1
BRDA:235,30,0,0
BRDA:235,30,1,1
BRDA:245,31,0,1
BRDA:245,31,1,1
BRDA:259,32,0,0
BRDA:259,32,1,2
BRDA:260,33,0,1
BRDA:260,33,1,1
BRDA:281,34,0,0
BRDA:281,34,1,2
BRDA:282,35,0,0
BRDA:282,35,1,2
BRDA:286,36,0,1
BRDA:286,36,1,1
BRDA:306,37,0,0
BRDA:306,37,1,3
BRDA:310,38,0,2
BRDA:310,38,1,1
BRDA:312,39,0,1
BRDA:312,39,1,1
BRDA:333,40,0,1
BRDA:333,40,1,2
BRDA:334,41,0,1
BRDA:334,41,1,1
BRDA:348,42,0,0
BRDA:348,42,1,2
BRDA:349,43,0,0
BRDA:349,43,1,2
BRDA:354,44,0,1
BRDA:354,44,1,1
BRDA:365,45,0,0
BRDA:365,45,1,1
BRDA:383,46,0,1
BRDA:383,46,1,2
BRDA:386,47,0,0
BRDA:386,47,1,2
BRDA:389,48,0,0
BRDA:389,48,1,2
BRDA:390,49,0,1
BRDA:390,49,1,1
BRDA:404,50,0,1
BRDA:404,50,1,2
BRDA:407,51,0,0
BRDA:407,51,1,2
BRDA:410,52,0,1
BRDA:410,52,1,1
BRDA:410,53,0,2
BRDA:410,53,1,2
BRDA:425,54,0,1
BRDA:425,54,1,1
BRDA:425,55,0,2
BRDA:425,55,1,2
BRDA:439,56,0,0
BRDA:439,56,1,1
BRDA:439,57,0,1
BRDA:439,57,1,1
BRDA:453,58,0,1
BRDA:453,58,1,1
BRDA:453,59,0,2
BRDA:453,59,1,2
BRDA:468,60,0,1
BRDA:468,60,1,1
BRDA:468,61,0,2
BRDA:468,61,1,2
BRDA:482,62,0,0
BRDA:482,62,1,1
BRDA:482,63,0,1
BRDA:482,63,1,1
BRDA:496,64,0,0
BRDA:496,64,1,1
BRDA:496,65,0,1
BRDA:496,65,1,1
BRDA:510,66,0,1
BRDA:510,66,1,3
BRDA:516,67,0,1
BRDA:516,67,1,2
BRDA:516,68,0,3
BRDA:516,68,1,2
BRDA:521,69,0,0
BRDA:521,69,1,2
BRDA:521,70,0,2
BRDA:521,70,1,2
BRDA:525,71,0,1
BRDA:525,71,1,1
BRDA:525,72,0,2
BRDA:525,72,1,2
BRDA:525,72,2,1
BRDA:525,72,3,1
BRDA:531,73,0,0
BRDA:531,73,1,1
BRDA:547,74,0,0
BRDA:547,74,1,3
BRDA:553,75,0,0
BRDA:553,75,1,3
BRDA:553,76,0,3
BRDA:553,76,1,3
BRDA:557,77,0,1
BRDA:557,77,1,2
BRDA:557,78,0,3
BRDA:557,78,1,2
BRDA:557,78,2,2
BRDA:562,79,0,0
BRDA:562,79,1,2
BRDA:562,80,0,2
BRDA:562,80,1,2
BRDA:566,81,0,1
BRDA:566,81,1,1
BRDA:566,82,0,2
BRDA:566,82,1,0
BRDA:571,83,0,0
BRDA:571,83,1,1
BRDA:586,84,0,1
BRDA:586,84,1,1
BRDA:586,85,0,2
BRDA:586,85,1,2
BRDA:600,86,0,0
BRDA:600,86,1,1
BRDA:600,87,0,1
BRDA:600,87,1,1
BRF:180
BRH:129
end_of_record
TN:
SF:server/storage.ts
FN:94,(anonymous_8)
FN:99,(anonymous_10)
FN:104,(anonymous_12)
FN:109,(anonymous_14)
FN:114,(anonymous_16)
FN:124,(anonymous_18)
FN:129,(anonymous_20)
FN:133,(anonymous_22)
FN:137,(anonymous_24)
FN:141,(anonymous_26)
FN:146,(anonymous_28)
FN:158,(anonymous_30)
FN:162,(anonymous_32)
FN:167,(anonymous_34)
FN:174,(anonymous_36)
FN:184,(anonymous_38)
FN:189,(anonymous_40)
FN:195,(anonymous_42)
FN:214,(anonymous_44)
FN:223,(anonymous_46)
FN:231,(anonymous_48)
FN:239,(anonymous_50)
FN:243,(anonymous_52)
FN:246,(anonymous_53)
FN:258,(anonymous_55)
FN:274,(anonymous_57)
FN:281,(anonymous_58)
FN:295,(anonymous_60)
FN:300,(anonymous_62)
FN:304,(anonymous_64)
FN:310,(anonymous_66)
FN:315,(anonymous_68)
FN:319,(anonymous_70)
FN:324,(anonymous_72)
FN:329,(anonymous_74)
FN:334,(anonymous_76)
FN:339,(anonymous_78)
FN:343,(anonymous_80)
FN:357,(anonymous_82)
FN:370,(anonymous_84)
FN:370,(anonymous_85)
FN:383,(anonymous_86)
FN:394,(anonymous_88)
FN:394,(anonymous_89)
FN:408,(anonymous_90)
FN:428,(anonymous_92)
FN:428,(anonymous_93)
FN:453,(anonymous_94)
FN:462,(anonymous_96)
FN:480,(anonymous_98)
FN:547,(anonymous_99)
FN:548,(anonymous_100)
FN:566,(anonymous_101)
FN:575,(anonymous_102)
FN:595,(anonymous_103)
FN:597,(anonymous_104)
FN:615,(anonymous_105)
FN:624,(anonymous_107)
FN:628,(anonymous_109)
FN:633,(anonymous_111)
FN:641,(anonymous_113)
FN:649,(anonymous_115)
FNF:62
FNH:60
FNDA:2,(anonymous_8)
FNDA:10,(anonymous_10)
FNDA:1,(anonymous_12)
FNDA:1,(anonymous_14)
FNDA:2,(anonymous_16)
FNDA:4,(anonymous_18)
FNDA:1,(anonymous_20)
FNDA:1,(anonymous_22)
FNDA:1,(anonymous_24)
FNDA:1,(anonymous_26)
FNDA:1,(anonymous_28)
FNDA:1,(anonymous_30)
FNDA:2,(anonymous_32)
FNDA:1,(anonymous_34)
FNDA:1,(anonymous_36)
FNDA:1,(anonymous_38)
FNDA:1,(anonymous_40)
FNDA:2,(anonymous_42)
FNDA:1,(anonymous_44)
FNDA:1,(anonymous_46)
FNDA:1,(anonymous_48)
FNDA:7,(anonymous_50)
FNDA:6,(anonymous_52)
FNDA:1,(anonymous_53)
FNDA:1,(anonymous_55)
FNDA:0,(anonymous_57)
FNDA:1,(anonymous_58)
FNDA:1,(anonymous_60)
FNDA:1,(anonymous_62)
FNDA:1,(anonymous_64)
FNDA:1,(anonymous_66)
FNDA:1,(anonymous_68)
FNDA:1,(anonymous_70)
FNDA:1,(anonymous_72)
FNDA:1,(anonymous_74)
FNDA:1,(anonymous_76)
FNDA:1,(anonymous_78)
FNDA:1,(anonymous_80)
FNDA:3,(anonymous_82)
FNDA:1,(anonymous_84)
FNDA:1,(anonymous_85)
FNDA:2,(anonymous_86)
FNDA:1,(anonymous_88)
FNDA:1,(anonymous_89)
FNDA:3,(anonymous_90)
FNDA:2,(anonymous_92)
FNDA:2,(anonymous_93)
FNDA:1,(anonymous_94)
FNDA:6,(anonymous_96)
FNDA:6,(anonymous_98)
FNDA:18,(anonymous_99)
FNDA:8,(anonymous_100)
FNDA:6,(anonymous_101)
FNDA:8,(anonymous_102)
FNDA:8,(anonymous_103)
FNDA:0,(anonymous_104)
FNDA:1,(anonymous_105)
FNDA:1,(anonymous_107)
FNDA:1,(anonymous_109)
FNDA:1,(anonymous_111)
FNDA:1,(anonymous_113)
FNDA:1,(anonymous_115)
DA:1,2
DA:12,2
DA:13,2
DA:93,2
DA:95,2
DA:96,2
DA:100,10
DA:101,10
DA:105,1
DA:106,1
DA:110,1
DA:111,1
DA:115,2
DA:116,1
DA:117,1
DA:118,0
DA:120,1
DA:121,1
DA:125,4
DA:126,4
DA:130,1
DA:134,1
DA:138,1
DA:142,1
DA:143,1
DA:148,1
DA:151,1
DA:155,1
DA:159,1
DA:163,2
DA:164,1
DA:168,1
DA:171,1
DA:176,1
DA:185,1
DA:186,1
DA:190,1
DA:191,1
DA:196,2
DA:197,1
DA:205,1
DA:216,1
DA:218,1
DA:219,1
DA:224,1
DA:228,1
DA:232,1
DA:240,7
DA:243,7
DA:247,1
DA:254,1
DA:259,1
DA:263,1
DA:272,1
DA:274,1
DA:282,1
DA:291,1
DA:296,1
DA:297,1
DA:301,1
DA:305,1
DA:306,1
DA:311,1
DA:312,1
DA:316,1
DA:320,1
DA:321,1
DA:325,1
DA:330,1
DA:331,1
DA:335,1
DA:336,1
DA:340,1
DA:349,1
DA:353,1
DA:359,3
DA:360,3
DA:363,2
DA:369,2
DA:370,1
DA:371,1
DA:375,1
DA:379,2
DA:385,2
DA:393,2
DA:394,1
DA:395,1
DA:396,1
DA:405,2
DA:410,3
DA:416,3
DA:419,3
DA:427,3
DA:428,2
DA:429,2
DA:430,2
DA:431,1
DA:450,3
DA:454,1
DA:458,1
DA:472,6
DA:479,6
DA:480,6
DA:481,6
DA:484,6
DA:490,6
DA:491,6
DA:492,6
DA:496,6
DA:497,8
DA:507,6
DA:510,6
DA:511,6
DA:512,6
DA:513,6
DA:516,6
DA:517,6
DA:518,6
DA:520,6
DA:521,8
DA:525,6
DA:526,6
DA:527,6
DA:530,6
DA:531,6
DA:534,6
DA:535,6
DA:538,6
DA:539,6
DA:540,6
DA:545,6
DA:546,6
DA:547,18
DA:548,8
DA:550,8
DA:551,6
DA:557,6
DA:558,6
DA:559,6
DA:563,6
DA:566,6
DA:575,6
DA:576,8
DA:577,8
DA:581,8
DA:585,8
DA:595,8
DA:596,6
DA:597,0
DA:600,6
DA:616,1
DA:621,1
DA:625,1
DA:630,1
DA:634,1
DA:642,1
DA:646,1
DA:650,1
DA:654,2
LF:159
LH:157
BRDA:115,0,0,1
BRDA:115,0,1,1
BRDA:115,1,0,2
BRDA:115,1,1,2
BRDA:117,2,0,1
BRDA:117,2,1,0
BRDA:163,3,0,1
BRDA:163,3,1,1
BRDA:196,4,0,1
BRDA:196,4,1,1
BRDA:272,5,0,1
BRDA:272,5,1,1
BRDA:272,6,0,1
BRDA:272,6,1,0
BRDA:272,7,0,1
BRDA:272,7,1,1
BRDA:360,8,0,1
BRDA:360,8,1,2
BRDA:399,9,0,0
BRDA:399,9,1,1
BRDA:399,10,0,1
BRDA:399,10,1,1
BRDA:416,11,0,3
BRDA:416,11,1,1
BRDA:416,12,0,1
BRDA:416,12,1,2
BRDA:416,13,0,3
BRDA:416,13,1,3
BRDA:430,14,0,1
BRDA:430,14,1,1
BRDA:444,15,0,0
BRDA:444,15,1,1
BRDA:444,16,0,1
BRDA:444,16,1,1
BRDA:481,17,0,4
BRDA:481,17,1,2
BRDA:531,18,0,6
BRDA:531,18,1,1
BRDA:531,18,2,0
BRDA:531,19,0,1
BRDA:531,19,1,5
BRDA:531,20,0,6
BRDA:531,20,1,6
BRDA:534,21,0,6
BRDA:534,21,1,0
BRDA:539,22,0,6
BRDA:539,22,1,0
BRDA:550,23,0,6
BRDA:550,23,1,2
BRDA:550,24,0,8
BRDA:550,24,1,3
BRDA:550,24,2,2
BRDA:557,25,0,6
BRDA:557,25,1,1
BRDA:558,26,0,6
BRDA:558,26,1,0
BRDA:563,27,0,4
BRDA:563,27,1,2
BRDA:569,28,0,5
BRDA:569,28,1,1
BRDA:577,29,0,3
BRDA:577,29,1,5
BRDA:581,30,0,7
BRDA:581,30,1,1
BRDA:596,31,0,4
BRDA:596,31,1,2
BRDA:597,32,0,0
BRDA:597,32,1,0
BRDA:607,33,0,4
BRDA:607,33,1,2
BRF:70
BRH:60
end_of_record
TN:
SF:server/auth/emailAuth.ts
FN:9,hashPassword
FN:13,comparePassword
FN:17,registerEmailAuthRoutes
FN:19,(anonymous_14)
FN:19,(anonymous_15)
FN:62,(anonymous_16)
FN:62,(anonymous_17)
FN:95,(anonymous_18)
FN:95,(anonymous_19)
FN:118,(anonymous_20)
FN:119,(anonymous_21)
FNF:11
FNH:11
FNDA:2,hashPassword
FNDA:2,comparePassword
FNDA:6,registerEmailAuthRoutes
FNDA:6,(anonymous_14)
FNDA:6,(anonymous_15)
FNDA:7,(anonymous_16)
FNDA:7,(anonymous_17)
FNDA:4,(anonymous_18)
FNDA:4,(anonymous_19)
FNDA:2,(anonymous_20)
FNDA:2,(anonymous_21)
DA:1,2
DA:3,2
DA:4,2
DA:5,2
DA:7,2
DA:9,2
DA:10,2
DA:13,2
DA:14,2
DA:17,2
DA:19,6
DA:20,6
DA:21,6
DA:23,6
DA:24,3
DA:28,3
DA:29,3
DA:30,1
DA:34,2
DA:37,2
DA:40,2
DA:50,2
DA:53,1
DA:54,1
DA:56,1
DA:57,1
DA:62,7
DA:63,7
DA:64,7
DA:66,7
DA:67,2
DA:71,5
DA:72,4
DA:73,2
DA:77,2
DA:78,2
DA:79,1
DA:83,1
DA:86,1
DA:87,1
DA:89,1
DA:90,1
DA:95,6
DA:96,4
DA:97,4
DA:99,4
DA:100,1
DA:103,3
DA:104,2
DA:105,1
DA:109,1
DA:110,1
DA:112,1
DA:113,1
DA:118,6
DA:119,2
DA:120,2
DA:121,1
DA:123,1
DA:124,1
LF:60
LH:60
BRDA:23,0,0,3
BRDA:23,0,1,3
BRDA:23,1,0,6
BRDA:23,1,1,5
BRDA:23,1,2,4
BRDA:29,2,0,1
BRDA:29,2,1,2
BRDA:45,3,0,2
BRDA:45,3,1,2
BRDA:66,4,0,2
BRDA:66,4,1,5
BRDA:66,5,0,7
BRDA:66,5,1,6
BRDA:72,6,0,2
BRDA:72,6,1,2
BRDA:72,7,0,4
BRDA:72,7,1,3
BRDA:78,8,0,1
BRDA:78,8,1,1
BRDA:97,9,0,0
BRDA:97,9,1,4
BRDA:97,10,0,4
BRDA:97,10,1,4
BRDA:99,11,0,1
BRDA:99,11,1,3
BRDA:104,12,0,1
BRDA:104,12,1,1
BRDA:120,13,0,1
BRDA:120,13,1,1
BRF:29
BRH:28
end_of_record
TN:
SF:server/auth/index.ts
FN:29,setupCustomAuth
FN:64,isAuthenticated
FN:94,authenticateWebSocket
FNF:3
FNH:2
FNDA:0,setupCustomAuth
FNDA:5,isAuthenticated
FNDA:10,authenticateWebSocket
DA:3,2
DA:4,2
DA:5,2
DA:6,2
DA:7,2
DA:8,2
DA:9,2
DA:10,2
DA:11,2
DA:12,2
DA:13,2
DA:16,2
DA:19,2
DA:20,2
DA:21,0
DA:22,0
DA:23,0
DA:25,0
DA:26,0
DA:29,2
DA:31,0
DA:32,0
DA:34,0
DA:41,0
DA:43,0
DA:57,0
DA:58,0
DA:59,0
DA:64,2
DA:65,5
DA:67,5
DA:68,2
DA:71,3
DA:73,3
DA:75,2
DA:76,1
DA:80,1
DA:81,1
DA:83,1
DA:85,1
DA:86,1
DA:94,2
DA:95,10
DA:96,10
DA:97,10
DA:98,10
DA:101,8
DA:102,8
DA:104,7
DA:105,7
DA:108,6
DA:111,5
DA:112,5
DA:114,4
DA:115,4
DA:116,4
DA:118,3
DA:119,3
DA:121,2
DA:122,2
DA:124,1
DA:125,1
LF:62
LH:49
BRDA:19,0,0,2
BRDA:19,0,1,0
BRDA:21,1,0,0
BRDA:21,1,1,0
BRDA:65,2,0,1
BRDA:65,2,1,4
BRDA:65,3,0,5
BRDA:65,3,1,5
BRDA:67,4,0,2
BRDA:67,4,1,3
BRDA:75,5,0,1
BRDA:75,5,1,1
BRDA:96,6,0,10
BRDA:96,6,1,1
BRDA:98,7,0,2
BRDA:98,7,1,8
BRDA:102,8,0,1
BRDA:102,8,1,7
BRDA:105,9,0,1
BRDA:105,9,1,6
BRDA:112,10,0,1
BRDA:112,10,1,4
BRDA:112,11,0,5
BRDA:112,11,1,5
BRDA:114,12,0,1
BRDA:114,12,1,3
BRDA:115,13,0,0
BRDA:115,13,1,4
BRDA:115,14,0,4
BRDA:115,14,1,4
BRDA:116,15,0,1
BRDA:116,15,1,3
BRDA:119,16,0,1
BRDA:119,16,1,2
BRF:34
BRH:30
end_of_record
TN:
SF:server/utils/claudeClient.ts
FN:142,executeToolCall
FNF:1
FNH:1
FNDA:8,executeToolCall
DA:1,10
DA:3,10
DA:8,10
DA:12,10
DA:57,10
DA:142,10
DA:147,8
DA:152,1
DA:158,1
DA:166,1
DA:172,4
DA:175,1
LF:12
LH:12
BRDA:8,0,0,1
BRDA:8,0,1,9
BRDA:147,1,0,1
BRDA:147,1,1,1
BRDA:147,1,2,1
BRDA:147,1,3,1
BRDA:147,1,4,2
BRDA:147,1,5,3
BRDA:147,1,6,4
BRDA:147,1,7,1
BRF:10
BRH:10
end_of_record
TN:
SF:server/utils/markdownToHtml.ts
FN:5,markdownToHtml
FN:19,(anonymous_1)
FN:23,(anonymous_2)
FNF:3
FNH:3
FNDA:12,markdownToHtml
FNDA:22,(anonymous_1)
FNDA:16,(anonymous_2)
DA:5,1
DA:6,12
DA:11,9
DA:12,1
DA:15,8
DA:16,8
DA:17,8
DA:19,8
DA:20,22
DA:21,7
DA:23,16
DA:24,7
DA:25,7
DA:29,8
DA:30,23
DA:33,23
DA:34,3
DA:35,3
DA:39,20
DA:40,20
DA:41,9
DA:42,4
DA:43,4
DA:45,9
DA:46,9
DA:50,11
DA:51,11
DA:52,7
DA:53,3
DA:54,3
DA:56,7
DA:57,7
DA:61,4
DA:62,4
DA:66,8
DA:68,8
LF:36
LH:36
BRDA:6,0,0,3
BRDA:6,0,1,9
BRDA:11,1,0,1
BRDA:11,1,1,8
BRDA:20,2,0,7
BRDA:20,2,1,15
BRDA:33,3,0,3
BRDA:33,3,1,20
BRDA:40,4,0,9
BRDA:40,4,1,11
BRDA:41,5,0,4
BRDA:41,5,1,5
BRDA:41,6,0,4
BRDA:41,6,1,5
BRDA:41,7,0,9
BRDA:41,7,1,5
BRDA:51,8,0,7
BRDA:51,8,1,4
BRDA:52,9,0,3
BRDA:52,9,1,4
BRDA:52,10,0,3
BRDA:52,10,1,4
BRDA:52,11,0,7
BRDA:52,11,1,4
BRF:24
BRH:24
end_of_record
TN:
SF:server/utils/rateLimitCheck.ts
FN:17,checkRateLimitStatus
FN:71,isRateLimitSufficient
FNF:2
FNH:2
FNDA:4,checkRateLimitStatus
FNDA:4,isRateLimitSufficient
DA:1,1
DA:2,1
DA:13,1
DA:17,1
DA:18,4
DA:21,4
DA:27,1
DA:34,3
DA:35,1
DA:37,1
DA:38,1
DA:39,1
DA:42,1
DA:43,1
DA:44,1
DA:45,1
DA:48,1
DA:59,2
DA:60,1
DA:67,1
DA:71,1
DA:73,4
DA:74,3
DA:75,2
LF:24
LH:24
BRDA:34,0,0,1
BRDA:34,0,1,2
BRDA:34,1,0,3
BRDA:34,1,1,1
BRDA:37,2,0,1
BRDA:37,2,1,0
BRDA:38,3,0,1
BRDA:38,3,1,0
BRDA:43,4,0,1
BRDA:43,4,1,0
BRDA:59,5,0,1
BRDA:59,5,1,1
BRDA:73,6,0,1
BRDA:73,6,1,3
BRDA:74,7,0,1
BRDA:74,7,1,2
BRDA:74,8,0,3
BRDA:74,8,1,2
BRF:18
BRH:15
end_of_record
TN:
SF:server/utils/webSearch.ts
FN:22,searchWeb
FN:27,evaluateSourceQuality
FNF:2
FNH:2
FNDA:1,searchWeb
FNDA:1,evaluateSourceQuality
DA:22,1
DA:23,1
DA:27,1
DA:28,1
LF:4
LH:4
BRF:0
BRH:0
end_of_record
TN:
SF:shared/schema.ts
FN:23,(anonymous_0)
FN:56,(anonymous_1)
FN:61,(anonymous_2)
FN:68,(anonymous_3)
FN:69,(anonymous_4)
FN:74,(anonymous_5)
FN:84,(anonymous_6)
FN:89,(anonymous_7)
FN:96,(anonymous_8)
FN:108,(anonymous_9)
FN:115,(anonymous_10)
FN:118,(anonymous_11)
FN:127,(anonymous_12)
FN:135,(anonymous_13)
FN:138,(anonymous_14)
FN:143,(anonymous_15)
FN:152,(anonymous_16)
FN:155,(anonymous_17)
FN:164,(anonymous_18)
FN:167,(anonymous_19)
FN:171,(anonymous_20)
FN:179,(anonymous_21)
FN:184,(anonymous_22)
FNF:23
FNH:0
FNDA:0,(anonymous_0)
FNDA:0,(anonymous_1)
FNDA:0,(anonymous_2)
FNDA:0,(anonymous_3)
FNDA:0,(anonymous_4)
FNDA:0,(anonymous_5)
FNDA:0,(anonymous_6)
FNDA:0,(anonymous_7)
FNDA:0,(anonymous_8)
FNDA:0,(anonymous_9)
FNDA:0,(anonymous_10)
FNDA:0,(anonymous_11)
FNDA:0,(anonymous_12)
FNDA:0,(anonymous_13)
FNDA:0,(anonymous_14)
FNDA:0,(anonymous_15)
FNDA:0,(anonymous_16)
FNDA:0,(anonymous_17)
FNDA:0,(anonymous_18)
FNDA:0,(anonymous_19)
FNDA:0,(anonymous_20)
FNDA:0,(anonymous_21)
FNDA:0,(anonymous_22)
DA:1,8
DA:2,8
DA:4,8
DA:16,8
DA:23,0
DA:28,8
DA:49,8
DA:56,0
DA:61,0
DA:66,8
DA:68,0
DA:69,0
DA:74,0
DA:81,8
DA:84,0
DA:89,0
DA:93,8
DA:96,0
DA:108,0
DA:112,8
DA:115,0
DA:118,0
DA:127,0
DA:133,8
DA:135,0
DA:138,0
DA:143,0
DA:148,8
DA:152,0
DA:155,0
DA:162,8
DA:164,0
DA:167,0
DA:171,0
DA:176,8
DA:179,0
DA:184,0
DA:188,8
DA:189,8
DA:196,8
DA:197,8
DA:198,8
DA:199,8
DA:203,8
DA:206,8
DA:210,8
DA:213,8
LF:47
LH:24
BRF:0
BRH:0
end_of_record
